ARM GAS  C:\Users\yunze\AppData\Local\Temp\ccGJPul1.s 			page 1


   1              		.cpu cortex-m4
   2              		.eabi_attribute 27, 1
   3              		.eabi_attribute 28, 1
   4              		.eabi_attribute 20, 1
   5              		.eabi_attribute 21, 1
   6              		.eabi_attribute 23, 3
   7              		.eabi_attribute 24, 1
   8              		.eabi_attribute 25, 1
   9              		.eabi_attribute 26, 1
  10              		.eabi_attribute 30, 1
  11              		.eabi_attribute 34, 1
  12              		.eabi_attribute 18, 4
  13              		.file	"main.c"
  14              		.text
  15              	.Ltext0:
  16              		.cfi_sections	.debug_frame
  17              		.section	.text.Error_Handler,"ax",%progbits
  18              		.align	1
  19              		.global	Error_Handler
  20              		.arch armv7e-m
  21              		.syntax unified
  22              		.thumb
  23              		.thumb_func
  24              		.fpu fpv4-sp-d16
  26              	Error_Handler:
  27              	.LFB136:
  28              		.file 1 "Core/Src/main.c"
   1:Core/Src/main.c **** /* USER CODE BEGIN Header */
   2:Core/Src/main.c **** /**
   3:Core/Src/main.c ****   ******************************************************************************
   4:Core/Src/main.c ****   * @file           : main.c
   5:Core/Src/main.c ****   * @brief          : Main program body
   6:Core/Src/main.c ****   ******************************************************************************
   7:Core/Src/main.c ****   * @attention
   8:Core/Src/main.c ****   *
   9:Core/Src/main.c ****   * Copyright (c) 2024 STMicroelectronics.
  10:Core/Src/main.c ****   * All rights reserved.
  11:Core/Src/main.c ****   *
  12:Core/Src/main.c ****   * This software is licensed under terms that can be found in the LICENSE file
  13:Core/Src/main.c ****   * in the root directory of this software component.
  14:Core/Src/main.c ****   * If no LICENSE file comes with this software, it is provided AS-IS.
  15:Core/Src/main.c ****   *
  16:Core/Src/main.c ****   ******************************************************************************
  17:Core/Src/main.c ****   */
  18:Core/Src/main.c **** /* USER CODE END Header */
  19:Core/Src/main.c **** /* Includes ------------------------------------------------------------------*/
  20:Core/Src/main.c **** #include "main.h"
  21:Core/Src/main.c **** #include "cmsis_os.h"
  22:Core/Src/main.c **** #include "dma.h"
  23:Core/Src/main.c **** #include "usart.h"
  24:Core/Src/main.c **** #include "gpio.h"
  25:Core/Src/main.c **** 
  26:Core/Src/main.c **** /* Private includes ----------------------------------------------------------*/
  27:Core/Src/main.c **** /* USER CODE BEGIN Includes */
  28:Core/Src/main.c **** 
  29:Core/Src/main.c **** /* USER CODE END Includes */
  30:Core/Src/main.c **** 
ARM GAS  C:\Users\yunze\AppData\Local\Temp\ccGJPul1.s 			page 2


  31:Core/Src/main.c **** /* Private typedef -----------------------------------------------------------*/
  32:Core/Src/main.c **** /* USER CODE BEGIN PTD */
  33:Core/Src/main.c **** 
  34:Core/Src/main.c **** /* USER CODE END PTD */
  35:Core/Src/main.c **** 
  36:Core/Src/main.c **** /* Private define ------------------------------------------------------------*/
  37:Core/Src/main.c **** /* USER CODE BEGIN PD */
  38:Core/Src/main.c **** 
  39:Core/Src/main.c **** /* USER CODE END PD */
  40:Core/Src/main.c **** 
  41:Core/Src/main.c **** /* Private macro -------------------------------------------------------------*/
  42:Core/Src/main.c **** /* USER CODE BEGIN PM */
  43:Core/Src/main.c **** 
  44:Core/Src/main.c **** /* USER CODE END PM */
  45:Core/Src/main.c **** 
  46:Core/Src/main.c **** /* Private variables ---------------------------------------------------------*/
  47:Core/Src/main.c **** 
  48:Core/Src/main.c **** /* USER CODE BEGIN PV */
  49:Core/Src/main.c **** 
  50:Core/Src/main.c **** /* USER CODE END PV */
  51:Core/Src/main.c **** 
  52:Core/Src/main.c **** /* Private function prototypes -----------------------------------------------*/
  53:Core/Src/main.c **** void SystemClock_Config(void);
  54:Core/Src/main.c **** void MX_FREERTOS_Init(void);
  55:Core/Src/main.c **** /* USER CODE BEGIN PFP */
  56:Core/Src/main.c **** 
  57:Core/Src/main.c **** /* USER CODE END PFP */
  58:Core/Src/main.c **** 
  59:Core/Src/main.c **** /* Private user code ---------------------------------------------------------*/
  60:Core/Src/main.c **** /* USER CODE BEGIN 0 */
  61:Core/Src/main.c **** 
  62:Core/Src/main.c **** /* USER CODE END 0 */
  63:Core/Src/main.c **** 
  64:Core/Src/main.c **** /**
  65:Core/Src/main.c ****   * @brief  The application entry point.
  66:Core/Src/main.c ****   * @retval int
  67:Core/Src/main.c ****   */
  68:Core/Src/main.c **** int main(void)
  69:Core/Src/main.c **** {
  70:Core/Src/main.c ****   /* USER CODE BEGIN 1 */
  71:Core/Src/main.c **** 
  72:Core/Src/main.c ****   /* USER CODE END 1 */
  73:Core/Src/main.c **** 
  74:Core/Src/main.c ****   /* MCU Configuration--------------------------------------------------------*/
  75:Core/Src/main.c **** 
  76:Core/Src/main.c ****   /* Reset of all peripherals, Initializes the Flash interface and the Systick. */
  77:Core/Src/main.c ****   HAL_Init();
  78:Core/Src/main.c **** 
  79:Core/Src/main.c ****   /* USER CODE BEGIN Init */
  80:Core/Src/main.c **** 
  81:Core/Src/main.c ****   /* USER CODE END Init */
  82:Core/Src/main.c **** 
  83:Core/Src/main.c ****   /* Configure the system clock */
  84:Core/Src/main.c ****   SystemClock_Config();
  85:Core/Src/main.c **** 
  86:Core/Src/main.c ****   /* USER CODE BEGIN SysInit */
  87:Core/Src/main.c **** 
ARM GAS  C:\Users\yunze\AppData\Local\Temp\ccGJPul1.s 			page 3


  88:Core/Src/main.c ****   /* USER CODE END SysInit */
  89:Core/Src/main.c **** 
  90:Core/Src/main.c ****   /* Initialize all configured peripherals */
  91:Core/Src/main.c ****   MX_GPIO_Init();
  92:Core/Src/main.c ****   MX_DMA_Init();
  93:Core/Src/main.c ****   MX_USART1_UART_Init();
  94:Core/Src/main.c ****   MX_USART2_UART_Init();
  95:Core/Src/main.c ****   /* USER CODE BEGIN 2 */
  96:Core/Src/main.c **** 
  97:Core/Src/main.c ****   /* USER CODE END 2 */
  98:Core/Src/main.c **** 
  99:Core/Src/main.c ****   /* Init scheduler */
 100:Core/Src/main.c ****   osKernelInitialize();  /* Call init function for freertos objects (in freertos.c) */
 101:Core/Src/main.c ****   MX_FREERTOS_Init();
 102:Core/Src/main.c **** 
 103:Core/Src/main.c ****   /* Start scheduler */
 104:Core/Src/main.c ****   osKernelStart();
 105:Core/Src/main.c ****   /* We should never get here as control is now taken by the scheduler */
 106:Core/Src/main.c ****   /* Infinite loop */
 107:Core/Src/main.c ****   /* USER CODE BEGIN WHILE */
 108:Core/Src/main.c ****     while (1) {
 109:Core/Src/main.c ****     /* USER CODE END WHILE */
 110:Core/Src/main.c **** 
 111:Core/Src/main.c ****     /* USER CODE BEGIN 3 */
 112:Core/Src/main.c ****     }
 113:Core/Src/main.c ****   /* USER CODE END 3 */
 114:Core/Src/main.c **** }
 115:Core/Src/main.c **** 
 116:Core/Src/main.c **** /**
 117:Core/Src/main.c ****   * @brief System Clock Configuration
 118:Core/Src/main.c ****   * @retval None
 119:Core/Src/main.c ****   */
 120:Core/Src/main.c **** void SystemClock_Config(void)
 121:Core/Src/main.c **** {
 122:Core/Src/main.c ****   RCC_OscInitTypeDef RCC_OscInitStruct = {0};
 123:Core/Src/main.c ****   RCC_ClkInitTypeDef RCC_ClkInitStruct = {0};
 124:Core/Src/main.c **** 
 125:Core/Src/main.c ****   /** Configure the main internal regulator output voltage
 126:Core/Src/main.c ****   */
 127:Core/Src/main.c ****   __HAL_RCC_PWR_CLK_ENABLE();
 128:Core/Src/main.c ****   __HAL_PWR_VOLTAGESCALING_CONFIG(PWR_REGULATOR_VOLTAGE_SCALE1);
 129:Core/Src/main.c **** 
 130:Core/Src/main.c ****   /** Initializes the RCC Oscillators according to the specified parameters
 131:Core/Src/main.c ****   * in the RCC_OscInitTypeDef structure.
 132:Core/Src/main.c ****   */
 133:Core/Src/main.c ****   RCC_OscInitStruct.OscillatorType = RCC_OSCILLATORTYPE_HSE;
 134:Core/Src/main.c ****   RCC_OscInitStruct.HSEState = RCC_HSE_ON;
 135:Core/Src/main.c ****   RCC_OscInitStruct.PLL.PLLState = RCC_PLL_ON;
 136:Core/Src/main.c ****   RCC_OscInitStruct.PLL.PLLSource = RCC_PLLSOURCE_HSE;
 137:Core/Src/main.c ****   RCC_OscInitStruct.PLL.PLLM = 4;
 138:Core/Src/main.c ****   RCC_OscInitStruct.PLL.PLLN = 168;
 139:Core/Src/main.c ****   RCC_OscInitStruct.PLL.PLLP = RCC_PLLP_DIV2;
 140:Core/Src/main.c ****   RCC_OscInitStruct.PLL.PLLQ = 4;
 141:Core/Src/main.c ****   if (HAL_RCC_OscConfig(&RCC_OscInitStruct) != HAL_OK)
 142:Core/Src/main.c ****   {
 143:Core/Src/main.c ****     Error_Handler();
 144:Core/Src/main.c ****   }
ARM GAS  C:\Users\yunze\AppData\Local\Temp\ccGJPul1.s 			page 4


 145:Core/Src/main.c **** 
 146:Core/Src/main.c ****   /** Initializes the CPU, AHB and APB buses clocks
 147:Core/Src/main.c ****   */
 148:Core/Src/main.c ****   RCC_ClkInitStruct.ClockType = RCC_CLOCKTYPE_HCLK|RCC_CLOCKTYPE_SYSCLK
 149:Core/Src/main.c ****                               |RCC_CLOCKTYPE_PCLK1|RCC_CLOCKTYPE_PCLK2;
 150:Core/Src/main.c ****   RCC_ClkInitStruct.SYSCLKSource = RCC_SYSCLKSOURCE_PLLCLK;
 151:Core/Src/main.c ****   RCC_ClkInitStruct.AHBCLKDivider = RCC_SYSCLK_DIV1;
 152:Core/Src/main.c ****   RCC_ClkInitStruct.APB1CLKDivider = RCC_HCLK_DIV4;
 153:Core/Src/main.c ****   RCC_ClkInitStruct.APB2CLKDivider = RCC_HCLK_DIV2;
 154:Core/Src/main.c **** 
 155:Core/Src/main.c ****   if (HAL_RCC_ClockConfig(&RCC_ClkInitStruct, FLASH_LATENCY_5) != HAL_OK)
 156:Core/Src/main.c ****   {
 157:Core/Src/main.c ****     Error_Handler();
 158:Core/Src/main.c ****   }
 159:Core/Src/main.c **** }
 160:Core/Src/main.c **** 
 161:Core/Src/main.c **** /* USER CODE BEGIN 4 */
 162:Core/Src/main.c **** 
 163:Core/Src/main.c **** /* USER CODE END 4 */
 164:Core/Src/main.c **** 
 165:Core/Src/main.c **** /**
 166:Core/Src/main.c ****   * @brief  This function is executed in case of error occurrence.
 167:Core/Src/main.c ****   * @retval None
 168:Core/Src/main.c ****   */
 169:Core/Src/main.c **** void Error_Handler(void)
 170:Core/Src/main.c **** {
  29              		.loc 1 170 1 view -0
  30              		.cfi_startproc
  31              		@ Volatile: function does not return.
  32              		@ args = 0, pretend = 0, frame = 0
  33              		@ frame_needed = 0, uses_anonymous_args = 0
  34              		@ link register save eliminated.
 171:Core/Src/main.c ****   /* USER CODE BEGIN Error_Handler_Debug */
 172:Core/Src/main.c ****     /* User can add his own implementation to report the HAL error return state */
 173:Core/Src/main.c ****     __disable_irq();
  35              		.loc 1 173 5 view .LVU1
  36              	.LBB4:
  37              	.LBI4:
  38              		.file 2 "Drivers/CMSIS/Include/cmsis_gcc.h"
   1:Drivers/CMSIS/Include/cmsis_gcc.h **** /**************************************************************************//**
   2:Drivers/CMSIS/Include/cmsis_gcc.h ****  * @file     cmsis_gcc.h
   3:Drivers/CMSIS/Include/cmsis_gcc.h ****  * @brief    CMSIS compiler GCC header file
   4:Drivers/CMSIS/Include/cmsis_gcc.h ****  * @version  V5.0.4
   5:Drivers/CMSIS/Include/cmsis_gcc.h ****  * @date     09. April 2018
   6:Drivers/CMSIS/Include/cmsis_gcc.h ****  ******************************************************************************/
   7:Drivers/CMSIS/Include/cmsis_gcc.h **** /*
   8:Drivers/CMSIS/Include/cmsis_gcc.h ****  * Copyright (c) 2009-2018 Arm Limited. All rights reserved.
   9:Drivers/CMSIS/Include/cmsis_gcc.h ****  *
  10:Drivers/CMSIS/Include/cmsis_gcc.h ****  * SPDX-License-Identifier: Apache-2.0
  11:Drivers/CMSIS/Include/cmsis_gcc.h ****  *
  12:Drivers/CMSIS/Include/cmsis_gcc.h ****  * Licensed under the Apache License, Version 2.0 (the License); you may
  13:Drivers/CMSIS/Include/cmsis_gcc.h ****  * not use this file except in compliance with the License.
  14:Drivers/CMSIS/Include/cmsis_gcc.h ****  * You may obtain a copy of the License at
  15:Drivers/CMSIS/Include/cmsis_gcc.h ****  *
  16:Drivers/CMSIS/Include/cmsis_gcc.h ****  * www.apache.org/licenses/LICENSE-2.0
  17:Drivers/CMSIS/Include/cmsis_gcc.h ****  *
  18:Drivers/CMSIS/Include/cmsis_gcc.h ****  * Unless required by applicable law or agreed to in writing, software
ARM GAS  C:\Users\yunze\AppData\Local\Temp\ccGJPul1.s 			page 5


  19:Drivers/CMSIS/Include/cmsis_gcc.h ****  * distributed under the License is distributed on an AS IS BASIS, WITHOUT
  20:Drivers/CMSIS/Include/cmsis_gcc.h ****  * WARRANTIES OR CONDITIONS OF ANY KIND, either express or implied.
  21:Drivers/CMSIS/Include/cmsis_gcc.h ****  * See the License for the specific language governing permissions and
  22:Drivers/CMSIS/Include/cmsis_gcc.h ****  * limitations under the License.
  23:Drivers/CMSIS/Include/cmsis_gcc.h ****  */
  24:Drivers/CMSIS/Include/cmsis_gcc.h **** 
  25:Drivers/CMSIS/Include/cmsis_gcc.h **** #ifndef __CMSIS_GCC_H
  26:Drivers/CMSIS/Include/cmsis_gcc.h **** #define __CMSIS_GCC_H
  27:Drivers/CMSIS/Include/cmsis_gcc.h **** 
  28:Drivers/CMSIS/Include/cmsis_gcc.h **** /* ignore some GCC warnings */
  29:Drivers/CMSIS/Include/cmsis_gcc.h **** #pragma GCC diagnostic push
  30:Drivers/CMSIS/Include/cmsis_gcc.h **** #pragma GCC diagnostic ignored "-Wsign-conversion"
  31:Drivers/CMSIS/Include/cmsis_gcc.h **** #pragma GCC diagnostic ignored "-Wconversion"
  32:Drivers/CMSIS/Include/cmsis_gcc.h **** #pragma GCC diagnostic ignored "-Wunused-parameter"
  33:Drivers/CMSIS/Include/cmsis_gcc.h **** 
  34:Drivers/CMSIS/Include/cmsis_gcc.h **** /* Fallback for __has_builtin */
  35:Drivers/CMSIS/Include/cmsis_gcc.h **** #ifndef __has_builtin
  36:Drivers/CMSIS/Include/cmsis_gcc.h ****   #define __has_builtin(x) (0)
  37:Drivers/CMSIS/Include/cmsis_gcc.h **** #endif
  38:Drivers/CMSIS/Include/cmsis_gcc.h **** 
  39:Drivers/CMSIS/Include/cmsis_gcc.h **** /* CMSIS compiler specific defines */
  40:Drivers/CMSIS/Include/cmsis_gcc.h **** #ifndef   __ASM
  41:Drivers/CMSIS/Include/cmsis_gcc.h ****   #define __ASM                                  __asm
  42:Drivers/CMSIS/Include/cmsis_gcc.h **** #endif
  43:Drivers/CMSIS/Include/cmsis_gcc.h **** #ifndef   __INLINE
  44:Drivers/CMSIS/Include/cmsis_gcc.h ****   #define __INLINE                               inline
  45:Drivers/CMSIS/Include/cmsis_gcc.h **** #endif
  46:Drivers/CMSIS/Include/cmsis_gcc.h **** #ifndef   __STATIC_INLINE
  47:Drivers/CMSIS/Include/cmsis_gcc.h ****   #define __STATIC_INLINE                        static inline
  48:Drivers/CMSIS/Include/cmsis_gcc.h **** #endif
  49:Drivers/CMSIS/Include/cmsis_gcc.h **** #ifndef   __STATIC_FORCEINLINE                 
  50:Drivers/CMSIS/Include/cmsis_gcc.h ****   #define __STATIC_FORCEINLINE                   __attribute__((always_inline)) static inline
  51:Drivers/CMSIS/Include/cmsis_gcc.h **** #endif                                           
  52:Drivers/CMSIS/Include/cmsis_gcc.h **** #ifndef   __NO_RETURN
  53:Drivers/CMSIS/Include/cmsis_gcc.h ****   #define __NO_RETURN                            __attribute__((__noreturn__))
  54:Drivers/CMSIS/Include/cmsis_gcc.h **** #endif
  55:Drivers/CMSIS/Include/cmsis_gcc.h **** #ifndef   __USED
  56:Drivers/CMSIS/Include/cmsis_gcc.h ****   #define __USED                                 __attribute__((used))
  57:Drivers/CMSIS/Include/cmsis_gcc.h **** #endif
  58:Drivers/CMSIS/Include/cmsis_gcc.h **** #ifndef   __WEAK
  59:Drivers/CMSIS/Include/cmsis_gcc.h ****   #define __WEAK                                 __attribute__((weak))
  60:Drivers/CMSIS/Include/cmsis_gcc.h **** #endif
  61:Drivers/CMSIS/Include/cmsis_gcc.h **** #ifndef   __PACKED
  62:Drivers/CMSIS/Include/cmsis_gcc.h ****   #define __PACKED                               __attribute__((packed, aligned(1)))
  63:Drivers/CMSIS/Include/cmsis_gcc.h **** #endif
  64:Drivers/CMSIS/Include/cmsis_gcc.h **** #ifndef   __PACKED_STRUCT
  65:Drivers/CMSIS/Include/cmsis_gcc.h ****   #define __PACKED_STRUCT                        struct __attribute__((packed, aligned(1)))
  66:Drivers/CMSIS/Include/cmsis_gcc.h **** #endif
  67:Drivers/CMSIS/Include/cmsis_gcc.h **** #ifndef   __PACKED_UNION
  68:Drivers/CMSIS/Include/cmsis_gcc.h ****   #define __PACKED_UNION                         union __attribute__((packed, aligned(1)))
  69:Drivers/CMSIS/Include/cmsis_gcc.h **** #endif
  70:Drivers/CMSIS/Include/cmsis_gcc.h **** #ifndef   __UNALIGNED_UINT32        /* deprecated */
  71:Drivers/CMSIS/Include/cmsis_gcc.h ****   #pragma GCC diagnostic push
  72:Drivers/CMSIS/Include/cmsis_gcc.h ****   #pragma GCC diagnostic ignored "-Wpacked"
  73:Drivers/CMSIS/Include/cmsis_gcc.h ****   #pragma GCC diagnostic ignored "-Wattributes"
  74:Drivers/CMSIS/Include/cmsis_gcc.h ****   struct __attribute__((packed)) T_UINT32 { uint32_t v; };
  75:Drivers/CMSIS/Include/cmsis_gcc.h ****   #pragma GCC diagnostic pop
ARM GAS  C:\Users\yunze\AppData\Local\Temp\ccGJPul1.s 			page 6


  76:Drivers/CMSIS/Include/cmsis_gcc.h ****   #define __UNALIGNED_UINT32(x)                  (((struct T_UINT32 *)(x))->v)
  77:Drivers/CMSIS/Include/cmsis_gcc.h **** #endif
  78:Drivers/CMSIS/Include/cmsis_gcc.h **** #ifndef   __UNALIGNED_UINT16_WRITE
  79:Drivers/CMSIS/Include/cmsis_gcc.h ****   #pragma GCC diagnostic push
  80:Drivers/CMSIS/Include/cmsis_gcc.h ****   #pragma GCC diagnostic ignored "-Wpacked"
  81:Drivers/CMSIS/Include/cmsis_gcc.h ****   #pragma GCC diagnostic ignored "-Wattributes"
  82:Drivers/CMSIS/Include/cmsis_gcc.h ****   __PACKED_STRUCT T_UINT16_WRITE { uint16_t v; };
  83:Drivers/CMSIS/Include/cmsis_gcc.h ****   #pragma GCC diagnostic pop
  84:Drivers/CMSIS/Include/cmsis_gcc.h ****   #define __UNALIGNED_UINT16_WRITE(addr, val)    (void)((((struct T_UINT16_WRITE *)(void *)(addr))-
  85:Drivers/CMSIS/Include/cmsis_gcc.h **** #endif
  86:Drivers/CMSIS/Include/cmsis_gcc.h **** #ifndef   __UNALIGNED_UINT16_READ
  87:Drivers/CMSIS/Include/cmsis_gcc.h ****   #pragma GCC diagnostic push
  88:Drivers/CMSIS/Include/cmsis_gcc.h ****   #pragma GCC diagnostic ignored "-Wpacked"
  89:Drivers/CMSIS/Include/cmsis_gcc.h ****   #pragma GCC diagnostic ignored "-Wattributes"
  90:Drivers/CMSIS/Include/cmsis_gcc.h ****   __PACKED_STRUCT T_UINT16_READ { uint16_t v; };
  91:Drivers/CMSIS/Include/cmsis_gcc.h ****   #pragma GCC diagnostic pop
  92:Drivers/CMSIS/Include/cmsis_gcc.h ****   #define __UNALIGNED_UINT16_READ(addr)          (((const struct T_UINT16_READ *)(const void *)(add
  93:Drivers/CMSIS/Include/cmsis_gcc.h **** #endif
  94:Drivers/CMSIS/Include/cmsis_gcc.h **** #ifndef   __UNALIGNED_UINT32_WRITE
  95:Drivers/CMSIS/Include/cmsis_gcc.h ****   #pragma GCC diagnostic push
  96:Drivers/CMSIS/Include/cmsis_gcc.h ****   #pragma GCC diagnostic ignored "-Wpacked"
  97:Drivers/CMSIS/Include/cmsis_gcc.h ****   #pragma GCC diagnostic ignored "-Wattributes"
  98:Drivers/CMSIS/Include/cmsis_gcc.h ****   __PACKED_STRUCT T_UINT32_WRITE { uint32_t v; };
  99:Drivers/CMSIS/Include/cmsis_gcc.h ****   #pragma GCC diagnostic pop
 100:Drivers/CMSIS/Include/cmsis_gcc.h ****   #define __UNALIGNED_UINT32_WRITE(addr, val)    (void)((((struct T_UINT32_WRITE *)(void *)(addr))-
 101:Drivers/CMSIS/Include/cmsis_gcc.h **** #endif
 102:Drivers/CMSIS/Include/cmsis_gcc.h **** #ifndef   __UNALIGNED_UINT32_READ
 103:Drivers/CMSIS/Include/cmsis_gcc.h ****   #pragma GCC diagnostic push
 104:Drivers/CMSIS/Include/cmsis_gcc.h ****   #pragma GCC diagnostic ignored "-Wpacked"
 105:Drivers/CMSIS/Include/cmsis_gcc.h ****   #pragma GCC diagnostic ignored "-Wattributes"
 106:Drivers/CMSIS/Include/cmsis_gcc.h ****   __PACKED_STRUCT T_UINT32_READ { uint32_t v; };
 107:Drivers/CMSIS/Include/cmsis_gcc.h ****   #pragma GCC diagnostic pop
 108:Drivers/CMSIS/Include/cmsis_gcc.h ****   #define __UNALIGNED_UINT32_READ(addr)          (((const struct T_UINT32_READ *)(const void *)(add
 109:Drivers/CMSIS/Include/cmsis_gcc.h **** #endif
 110:Drivers/CMSIS/Include/cmsis_gcc.h **** #ifndef   __ALIGNED
 111:Drivers/CMSIS/Include/cmsis_gcc.h ****   #define __ALIGNED(x)                           __attribute__((aligned(x)))
 112:Drivers/CMSIS/Include/cmsis_gcc.h **** #endif
 113:Drivers/CMSIS/Include/cmsis_gcc.h **** #ifndef   __RESTRICT
 114:Drivers/CMSIS/Include/cmsis_gcc.h ****   #define __RESTRICT                             __restrict
 115:Drivers/CMSIS/Include/cmsis_gcc.h **** #endif
 116:Drivers/CMSIS/Include/cmsis_gcc.h **** 
 117:Drivers/CMSIS/Include/cmsis_gcc.h **** 
 118:Drivers/CMSIS/Include/cmsis_gcc.h **** /* ###########################  Core Function Access  ########################### */
 119:Drivers/CMSIS/Include/cmsis_gcc.h **** /** \ingroup  CMSIS_Core_FunctionInterface
 120:Drivers/CMSIS/Include/cmsis_gcc.h ****     \defgroup CMSIS_Core_RegAccFunctions CMSIS Core Register Access Functions
 121:Drivers/CMSIS/Include/cmsis_gcc.h ****   @{
 122:Drivers/CMSIS/Include/cmsis_gcc.h ****  */
 123:Drivers/CMSIS/Include/cmsis_gcc.h **** 
 124:Drivers/CMSIS/Include/cmsis_gcc.h **** /**
 125:Drivers/CMSIS/Include/cmsis_gcc.h ****   \brief   Enable IRQ Interrupts
 126:Drivers/CMSIS/Include/cmsis_gcc.h ****   \details Enables IRQ interrupts by clearing the I-bit in the CPSR.
 127:Drivers/CMSIS/Include/cmsis_gcc.h ****            Can only be executed in Privileged modes.
 128:Drivers/CMSIS/Include/cmsis_gcc.h ****  */
 129:Drivers/CMSIS/Include/cmsis_gcc.h **** __STATIC_FORCEINLINE void __enable_irq(void)
 130:Drivers/CMSIS/Include/cmsis_gcc.h **** {
 131:Drivers/CMSIS/Include/cmsis_gcc.h ****   __ASM volatile ("cpsie i" : : : "memory");
 132:Drivers/CMSIS/Include/cmsis_gcc.h **** }
ARM GAS  C:\Users\yunze\AppData\Local\Temp\ccGJPul1.s 			page 7


 133:Drivers/CMSIS/Include/cmsis_gcc.h **** 
 134:Drivers/CMSIS/Include/cmsis_gcc.h **** 
 135:Drivers/CMSIS/Include/cmsis_gcc.h **** /**
 136:Drivers/CMSIS/Include/cmsis_gcc.h ****   \brief   Disable IRQ Interrupts
 137:Drivers/CMSIS/Include/cmsis_gcc.h ****   \details Disables IRQ interrupts by setting the I-bit in the CPSR.
 138:Drivers/CMSIS/Include/cmsis_gcc.h ****            Can only be executed in Privileged modes.
 139:Drivers/CMSIS/Include/cmsis_gcc.h ****  */
 140:Drivers/CMSIS/Include/cmsis_gcc.h **** __STATIC_FORCEINLINE void __disable_irq(void)
  39              		.loc 2 140 27 view .LVU2
  40              	.LBB5:
 141:Drivers/CMSIS/Include/cmsis_gcc.h **** {
 142:Drivers/CMSIS/Include/cmsis_gcc.h ****   __ASM volatile ("cpsid i" : : : "memory");
  41              		.loc 2 142 3 view .LVU3
  42              		.syntax unified
  43              	@ 142 "Drivers/CMSIS/Include/cmsis_gcc.h" 1
  44 0000 72B6     		cpsid i
  45              	@ 0 "" 2
  46              		.thumb
  47              		.syntax unified
  48              	.L2:
  49              	.LBE5:
  50              	.LBE4:
 174:Core/Src/main.c ****     while (1) {
  51              		.loc 1 174 5 discriminator 1 view .LVU4
 175:Core/Src/main.c **** 
 176:Core/Src/main.c **** 
 177:Core/Src/main.c ****     }
  52              		.loc 1 177 5 discriminator 1 view .LVU5
 174:Core/Src/main.c ****     while (1) {
  53              		.loc 1 174 11 discriminator 1 view .LVU6
  54 0002 FEE7     		b	.L2
  55              		.cfi_endproc
  56              	.LFE136:
  58              		.section	.text.SystemClock_Config,"ax",%progbits
  59              		.align	1
  60              		.global	SystemClock_Config
  61              		.syntax unified
  62              		.thumb
  63              		.thumb_func
  64              		.fpu fpv4-sp-d16
  66              	SystemClock_Config:
  67              	.LFB135:
 121:Core/Src/main.c ****   RCC_OscInitTypeDef RCC_OscInitStruct = {0};
  68              		.loc 1 121 1 view -0
  69              		.cfi_startproc
  70              		@ args = 0, pretend = 0, frame = 80
  71              		@ frame_needed = 0, uses_anonymous_args = 0
  72 0000 00B5     		push	{lr}
  73              	.LCFI0:
  74              		.cfi_def_cfa_offset 4
  75              		.cfi_offset 14, -4
  76 0002 95B0     		sub	sp, sp, #84
  77              	.LCFI1:
  78              		.cfi_def_cfa_offset 88
 122:Core/Src/main.c ****   RCC_ClkInitTypeDef RCC_ClkInitStruct = {0};
  79              		.loc 1 122 3 view .LVU8
 122:Core/Src/main.c ****   RCC_ClkInitTypeDef RCC_ClkInitStruct = {0};
ARM GAS  C:\Users\yunze\AppData\Local\Temp\ccGJPul1.s 			page 8


  80              		.loc 1 122 22 is_stmt 0 view .LVU9
  81 0004 3022     		movs	r2, #48
  82 0006 0021     		movs	r1, #0
  83 0008 08A8     		add	r0, sp, #32
  84 000a FFF7FEFF 		bl	memset
  85              	.LVL0:
 123:Core/Src/main.c **** 
  86              		.loc 1 123 3 is_stmt 1 view .LVU10
 123:Core/Src/main.c **** 
  87              		.loc 1 123 22 is_stmt 0 view .LVU11
  88 000e 0023     		movs	r3, #0
  89 0010 0393     		str	r3, [sp, #12]
  90 0012 0493     		str	r3, [sp, #16]
  91 0014 0593     		str	r3, [sp, #20]
  92 0016 0693     		str	r3, [sp, #24]
  93 0018 0793     		str	r3, [sp, #28]
 127:Core/Src/main.c ****   __HAL_PWR_VOLTAGESCALING_CONFIG(PWR_REGULATOR_VOLTAGE_SCALE1);
  94              		.loc 1 127 3 is_stmt 1 view .LVU12
  95              	.LBB6:
 127:Core/Src/main.c ****   __HAL_PWR_VOLTAGESCALING_CONFIG(PWR_REGULATOR_VOLTAGE_SCALE1);
  96              		.loc 1 127 3 view .LVU13
  97 001a 0193     		str	r3, [sp, #4]
 127:Core/Src/main.c ****   __HAL_PWR_VOLTAGESCALING_CONFIG(PWR_REGULATOR_VOLTAGE_SCALE1);
  98              		.loc 1 127 3 view .LVU14
  99 001c 204A     		ldr	r2, .L9
 100 001e 116C     		ldr	r1, [r2, #64]
 101 0020 41F08051 		orr	r1, r1, #268435456
 102 0024 1164     		str	r1, [r2, #64]
 127:Core/Src/main.c ****   __HAL_PWR_VOLTAGESCALING_CONFIG(PWR_REGULATOR_VOLTAGE_SCALE1);
 103              		.loc 1 127 3 view .LVU15
 104 0026 126C     		ldr	r2, [r2, #64]
 105 0028 02F08052 		and	r2, r2, #268435456
 106 002c 0192     		str	r2, [sp, #4]
 127:Core/Src/main.c ****   __HAL_PWR_VOLTAGESCALING_CONFIG(PWR_REGULATOR_VOLTAGE_SCALE1);
 107              		.loc 1 127 3 view .LVU16
 108 002e 019A     		ldr	r2, [sp, #4]
 109              	.LBE6:
 127:Core/Src/main.c ****   __HAL_PWR_VOLTAGESCALING_CONFIG(PWR_REGULATOR_VOLTAGE_SCALE1);
 110              		.loc 1 127 3 view .LVU17
 128:Core/Src/main.c **** 
 111              		.loc 1 128 3 view .LVU18
 112              	.LBB7:
 128:Core/Src/main.c **** 
 113              		.loc 1 128 3 view .LVU19
 114 0030 0293     		str	r3, [sp, #8]
 128:Core/Src/main.c **** 
 115              		.loc 1 128 3 view .LVU20
 116 0032 1C4B     		ldr	r3, .L9+4
 117 0034 1A68     		ldr	r2, [r3]
 118 0036 42F48042 		orr	r2, r2, #16384
 119 003a 1A60     		str	r2, [r3]
 128:Core/Src/main.c **** 
 120              		.loc 1 128 3 view .LVU21
 121 003c 1B68     		ldr	r3, [r3]
 122 003e 03F48043 		and	r3, r3, #16384
 123 0042 0293     		str	r3, [sp, #8]
 128:Core/Src/main.c **** 
ARM GAS  C:\Users\yunze\AppData\Local\Temp\ccGJPul1.s 			page 9


 124              		.loc 1 128 3 view .LVU22
 125 0044 029B     		ldr	r3, [sp, #8]
 126              	.LBE7:
 128:Core/Src/main.c **** 
 127              		.loc 1 128 3 view .LVU23
 133:Core/Src/main.c ****   RCC_OscInitStruct.HSEState = RCC_HSE_ON;
 128              		.loc 1 133 3 view .LVU24
 133:Core/Src/main.c ****   RCC_OscInitStruct.HSEState = RCC_HSE_ON;
 129              		.loc 1 133 36 is_stmt 0 view .LVU25
 130 0046 0123     		movs	r3, #1
 131 0048 0893     		str	r3, [sp, #32]
 134:Core/Src/main.c ****   RCC_OscInitStruct.PLL.PLLState = RCC_PLL_ON;
 132              		.loc 1 134 3 is_stmt 1 view .LVU26
 134:Core/Src/main.c ****   RCC_OscInitStruct.PLL.PLLState = RCC_PLL_ON;
 133              		.loc 1 134 30 is_stmt 0 view .LVU27
 134 004a 4FF48033 		mov	r3, #65536
 135 004e 0993     		str	r3, [sp, #36]
 135:Core/Src/main.c ****   RCC_OscInitStruct.PLL.PLLSource = RCC_PLLSOURCE_HSE;
 136              		.loc 1 135 3 is_stmt 1 view .LVU28
 135:Core/Src/main.c ****   RCC_OscInitStruct.PLL.PLLSource = RCC_PLLSOURCE_HSE;
 137              		.loc 1 135 34 is_stmt 0 view .LVU29
 138 0050 0222     		movs	r2, #2
 139 0052 0E92     		str	r2, [sp, #56]
 136:Core/Src/main.c ****   RCC_OscInitStruct.PLL.PLLM = 4;
 140              		.loc 1 136 3 is_stmt 1 view .LVU30
 136:Core/Src/main.c ****   RCC_OscInitStruct.PLL.PLLM = 4;
 141              		.loc 1 136 35 is_stmt 0 view .LVU31
 142 0054 4FF48003 		mov	r3, #4194304
 143 0058 0F93     		str	r3, [sp, #60]
 137:Core/Src/main.c ****   RCC_OscInitStruct.PLL.PLLN = 168;
 144              		.loc 1 137 3 is_stmt 1 view .LVU32
 137:Core/Src/main.c ****   RCC_OscInitStruct.PLL.PLLN = 168;
 145              		.loc 1 137 30 is_stmt 0 view .LVU33
 146 005a 0423     		movs	r3, #4
 147 005c 1093     		str	r3, [sp, #64]
 138:Core/Src/main.c ****   RCC_OscInitStruct.PLL.PLLP = RCC_PLLP_DIV2;
 148              		.loc 1 138 3 is_stmt 1 view .LVU34
 138:Core/Src/main.c ****   RCC_OscInitStruct.PLL.PLLP = RCC_PLLP_DIV2;
 149              		.loc 1 138 30 is_stmt 0 view .LVU35
 150 005e A821     		movs	r1, #168
 151 0060 1191     		str	r1, [sp, #68]
 139:Core/Src/main.c ****   RCC_OscInitStruct.PLL.PLLQ = 4;
 152              		.loc 1 139 3 is_stmt 1 view .LVU36
 139:Core/Src/main.c ****   RCC_OscInitStruct.PLL.PLLQ = 4;
 153              		.loc 1 139 30 is_stmt 0 view .LVU37
 154 0062 1292     		str	r2, [sp, #72]
 140:Core/Src/main.c ****   if (HAL_RCC_OscConfig(&RCC_OscInitStruct) != HAL_OK)
 155              		.loc 1 140 3 is_stmt 1 view .LVU38
 140:Core/Src/main.c ****   if (HAL_RCC_OscConfig(&RCC_OscInitStruct) != HAL_OK)
 156              		.loc 1 140 30 is_stmt 0 view .LVU39
 157 0064 1393     		str	r3, [sp, #76]
 141:Core/Src/main.c ****   {
 158              		.loc 1 141 3 is_stmt 1 view .LVU40
 141:Core/Src/main.c ****   {
 159              		.loc 1 141 7 is_stmt 0 view .LVU41
 160 0066 08A8     		add	r0, sp, #32
 161 0068 FFF7FEFF 		bl	HAL_RCC_OscConfig
ARM GAS  C:\Users\yunze\AppData\Local\Temp\ccGJPul1.s 			page 10


 162              	.LVL1:
 141:Core/Src/main.c ****   {
 163              		.loc 1 141 6 view .LVU42
 164 006c 98B9     		cbnz	r0, .L7
 148:Core/Src/main.c ****                               |RCC_CLOCKTYPE_PCLK1|RCC_CLOCKTYPE_PCLK2;
 165              		.loc 1 148 3 is_stmt 1 view .LVU43
 148:Core/Src/main.c ****                               |RCC_CLOCKTYPE_PCLK1|RCC_CLOCKTYPE_PCLK2;
 166              		.loc 1 148 31 is_stmt 0 view .LVU44
 167 006e 0F23     		movs	r3, #15
 168 0070 0393     		str	r3, [sp, #12]
 150:Core/Src/main.c ****   RCC_ClkInitStruct.AHBCLKDivider = RCC_SYSCLK_DIV1;
 169              		.loc 1 150 3 is_stmt 1 view .LVU45
 150:Core/Src/main.c ****   RCC_ClkInitStruct.AHBCLKDivider = RCC_SYSCLK_DIV1;
 170              		.loc 1 150 34 is_stmt 0 view .LVU46
 171 0072 0223     		movs	r3, #2
 172 0074 0493     		str	r3, [sp, #16]
 151:Core/Src/main.c ****   RCC_ClkInitStruct.APB1CLKDivider = RCC_HCLK_DIV4;
 173              		.loc 1 151 3 is_stmt 1 view .LVU47
 151:Core/Src/main.c ****   RCC_ClkInitStruct.APB1CLKDivider = RCC_HCLK_DIV4;
 174              		.loc 1 151 35 is_stmt 0 view .LVU48
 175 0076 0023     		movs	r3, #0
 176 0078 0593     		str	r3, [sp, #20]
 152:Core/Src/main.c ****   RCC_ClkInitStruct.APB2CLKDivider = RCC_HCLK_DIV2;
 177              		.loc 1 152 3 is_stmt 1 view .LVU49
 152:Core/Src/main.c ****   RCC_ClkInitStruct.APB2CLKDivider = RCC_HCLK_DIV2;
 178              		.loc 1 152 36 is_stmt 0 view .LVU50
 179 007a 4FF4A053 		mov	r3, #5120
 180 007e 0693     		str	r3, [sp, #24]
 153:Core/Src/main.c **** 
 181              		.loc 1 153 3 is_stmt 1 view .LVU51
 153:Core/Src/main.c **** 
 182              		.loc 1 153 36 is_stmt 0 view .LVU52
 183 0080 4FF48053 		mov	r3, #4096
 184 0084 0793     		str	r3, [sp, #28]
 155:Core/Src/main.c ****   {
 185              		.loc 1 155 3 is_stmt 1 view .LVU53
 155:Core/Src/main.c ****   {
 186              		.loc 1 155 7 is_stmt 0 view .LVU54
 187 0086 0521     		movs	r1, #5
 188 0088 03A8     		add	r0, sp, #12
 189 008a FFF7FEFF 		bl	HAL_RCC_ClockConfig
 190              	.LVL2:
 155:Core/Src/main.c ****   {
 191              		.loc 1 155 6 view .LVU55
 192 008e 20B9     		cbnz	r0, .L8
 159:Core/Src/main.c **** 
 193              		.loc 1 159 1 view .LVU56
 194 0090 15B0     		add	sp, sp, #84
 195              	.LCFI2:
 196              		.cfi_remember_state
 197              		.cfi_def_cfa_offset 4
 198              		@ sp needed
 199 0092 5DF804FB 		ldr	pc, [sp], #4
 200              	.L7:
 201              	.LCFI3:
 202              		.cfi_restore_state
 143:Core/Src/main.c ****   }
ARM GAS  C:\Users\yunze\AppData\Local\Temp\ccGJPul1.s 			page 11


 203              		.loc 1 143 5 is_stmt 1 view .LVU57
 204 0096 FFF7FEFF 		bl	Error_Handler
 205              	.LVL3:
 206              	.L8:
 157:Core/Src/main.c ****   }
 207              		.loc 1 157 5 view .LVU58
 208 009a FFF7FEFF 		bl	Error_Handler
 209              	.LVL4:
 210              	.L10:
 211 009e 00BF     		.align	2
 212              	.L9:
 213 00a0 00380240 		.word	1073887232
 214 00a4 00700040 		.word	1073770496
 215              		.cfi_endproc
 216              	.LFE135:
 218              		.section	.text.main,"ax",%progbits
 219              		.align	1
 220              		.global	main
 221              		.syntax unified
 222              		.thumb
 223              		.thumb_func
 224              		.fpu fpv4-sp-d16
 226              	main:
 227              	.LFB134:
  69:Core/Src/main.c ****   /* USER CODE BEGIN 1 */
 228              		.loc 1 69 1 view -0
 229              		.cfi_startproc
 230              		@ Volatile: function does not return.
 231              		@ args = 0, pretend = 0, frame = 0
 232              		@ frame_needed = 0, uses_anonymous_args = 0
 233 0000 08B5     		push	{r3, lr}
 234              	.LCFI4:
 235              		.cfi_def_cfa_offset 8
 236              		.cfi_offset 3, -8
 237              		.cfi_offset 14, -4
  77:Core/Src/main.c **** 
 238              		.loc 1 77 3 view .LVU60
 239 0002 FFF7FEFF 		bl	HAL_Init
 240              	.LVL5:
  84:Core/Src/main.c **** 
 241              		.loc 1 84 3 view .LVU61
 242 0006 FFF7FEFF 		bl	SystemClock_Config
 243              	.LVL6:
  91:Core/Src/main.c ****   MX_DMA_Init();
 244              		.loc 1 91 3 view .LVU62
 245 000a FFF7FEFF 		bl	MX_GPIO_Init
 246              	.LVL7:
  92:Core/Src/main.c ****   MX_USART1_UART_Init();
 247              		.loc 1 92 3 view .LVU63
 248 000e FFF7FEFF 		bl	MX_DMA_Init
 249              	.LVL8:
  93:Core/Src/main.c ****   MX_USART2_UART_Init();
 250              		.loc 1 93 3 view .LVU64
 251 0012 FFF7FEFF 		bl	MX_USART1_UART_Init
 252              	.LVL9:
  94:Core/Src/main.c ****   /* USER CODE BEGIN 2 */
 253              		.loc 1 94 3 view .LVU65
ARM GAS  C:\Users\yunze\AppData\Local\Temp\ccGJPul1.s 			page 12


 254 0016 FFF7FEFF 		bl	MX_USART2_UART_Init
 255              	.LVL10:
 100:Core/Src/main.c ****   MX_FREERTOS_Init();
 256              		.loc 1 100 3 view .LVU66
 257 001a FFF7FEFF 		bl	osKernelInitialize
 258              	.LVL11:
 101:Core/Src/main.c **** 
 259              		.loc 1 101 3 view .LVU67
 260 001e FFF7FEFF 		bl	MX_FREERTOS_Init
 261              	.LVL12:
 104:Core/Src/main.c ****   /* We should never get here as control is now taken by the scheduler */
 262              		.loc 1 104 3 view .LVU68
 263 0022 FFF7FEFF 		bl	osKernelStart
 264              	.LVL13:
 265              	.L12:
 108:Core/Src/main.c ****     /* USER CODE END WHILE */
 266              		.loc 1 108 5 discriminator 1 view .LVU69
 112:Core/Src/main.c ****   /* USER CODE END 3 */
 267              		.loc 1 112 5 discriminator 1 view .LVU70
 108:Core/Src/main.c ****     /* USER CODE END WHILE */
 268              		.loc 1 108 11 discriminator 1 view .LVU71
 269 0026 FEE7     		b	.L12
 270              		.cfi_endproc
 271              	.LFE134:
 273              		.text
 274              	.Letext0:
 275              		.file 3 "d:\\program files\\stmicroelectronics\\stm32cube\\stm32cubemx\\gcc-arm-none-eabi-9-2019-q
 276              		.file 4 "d:\\program files\\stmicroelectronics\\stm32cube\\stm32cubemx\\gcc-arm-none-eabi-9-2019-q
 277              		.file 5 "Drivers/CMSIS/Include/core_cm4.h"
 278              		.file 6 "Drivers/CMSIS/Device/ST/STM32F4xx/Include/system_stm32f4xx.h"
 279              		.file 7 "Drivers/CMSIS/Device/ST/STM32F4xx/Include/stm32f405xx.h"
 280              		.file 8 "Drivers/STM32F4xx_HAL_Driver/Inc/stm32f4xx_hal_def.h"
 281              		.file 9 "Drivers/STM32F4xx_HAL_Driver/Inc/stm32f4xx_hal_rcc_ex.h"
 282              		.file 10 "Drivers/STM32F4xx_HAL_Driver/Inc/stm32f4xx_hal_rcc.h"
 283              		.file 11 "Drivers/STM32F4xx_HAL_Driver/Inc/stm32f4xx_hal_dma.h"
 284              		.file 12 "Drivers/STM32F4xx_HAL_Driver/Inc/stm32f4xx_hal_uart.h"
 285              		.file 13 "Drivers/STM32F4xx_HAL_Driver/Inc/stm32f4xx_hal.h"
 286              		.file 14 "Core/Inc/usart.h"
 287              		.file 15 "Core/Inc/gpio.h"
 288              		.file 16 "Core/Inc/dma.h"
 289              		.file 17 "Middlewares/Third_Party/FreeRTOS/Source/CMSIS_RTOS_V2/cmsis_os2.h"
 290              		.file 18 "<built-in>"
ARM GAS  C:\Users\yunze\AppData\Local\Temp\ccGJPul1.s 			page 13


DEFINED SYMBOLS
                            *ABS*:00000000 main.c
C:\Users\yunze\AppData\Local\Temp\ccGJPul1.s:18     .text.Error_Handler:00000000 $t
C:\Users\yunze\AppData\Local\Temp\ccGJPul1.s:26     .text.Error_Handler:00000000 Error_Handler
C:\Users\yunze\AppData\Local\Temp\ccGJPul1.s:59     .text.SystemClock_Config:00000000 $t
C:\Users\yunze\AppData\Local\Temp\ccGJPul1.s:66     .text.SystemClock_Config:00000000 SystemClock_Config
C:\Users\yunze\AppData\Local\Temp\ccGJPul1.s:213    .text.SystemClock_Config:000000a0 $d
C:\Users\yunze\AppData\Local\Temp\ccGJPul1.s:219    .text.main:00000000 $t
C:\Users\yunze\AppData\Local\Temp\ccGJPul1.s:226    .text.main:00000000 main

UNDEFINED SYMBOLS
memset
HAL_RCC_OscConfig
HAL_RCC_ClockConfig
HAL_Init
MX_GPIO_Init
MX_DMA_Init
MX_USART1_UART_Init
MX_USART2_UART_Init
osKernelInitialize
MX_FREERTOS_Init
osKernelStart
