ARM GAS  C:\Users\yunze\AppData\Local\Temp\ccAScfki.s 			page 1


   1              		.cpu cortex-m4
   2              		.eabi_attribute 27, 1
   3              		.eabi_attribute 28, 1
   4              		.eabi_attribute 20, 1
   5              		.eabi_attribute 21, 1
   6              		.eabi_attribute 23, 3
   7              		.eabi_attribute 24, 1
   8              		.eabi_attribute 25, 1
   9              		.eabi_attribute 26, 1
  10              		.eabi_attribute 30, 1
  11              		.eabi_attribute 34, 1
  12              		.eabi_attribute 18, 4
  13              		.file	"stm32f4xx_it.c"
  14              		.text
  15              	.Ltext0:
  16              		.cfi_sections	.debug_frame
  17              		.section	.text.NMI_Handler,"ax",%progbits
  18              		.align	1
  19              		.global	NMI_Handler
  20              		.arch armv7e-m
  21              		.syntax unified
  22              		.thumb
  23              		.thumb_func
  24              		.fpu fpv4-sp-d16
  26              	NMI_Handler:
  27              	.LFB134:
  28              		.file 1 "Core/Src/stm32f4xx_it.c"
   1:Core/Src/stm32f4xx_it.c **** /* USER CODE BEGIN Header */
   2:Core/Src/stm32f4xx_it.c **** /**
   3:Core/Src/stm32f4xx_it.c ****   ******************************************************************************
   4:Core/Src/stm32f4xx_it.c ****   * @file    stm32f4xx_it.c
   5:Core/Src/stm32f4xx_it.c ****   * @brief   Interrupt Service Routines.
   6:Core/Src/stm32f4xx_it.c ****   ******************************************************************************
   7:Core/Src/stm32f4xx_it.c ****   * @attention
   8:Core/Src/stm32f4xx_it.c ****   *
   9:Core/Src/stm32f4xx_it.c ****   * Copyright (c) 2024 STMicroelectronics.
  10:Core/Src/stm32f4xx_it.c ****   * All rights reserved.
  11:Core/Src/stm32f4xx_it.c ****   *
  12:Core/Src/stm32f4xx_it.c ****   * This software is licensed under terms that can be found in the LICENSE file
  13:Core/Src/stm32f4xx_it.c ****   * in the root directory of this software component.
  14:Core/Src/stm32f4xx_it.c ****   * If no LICENSE file comes with this software, it is provided AS-IS.
  15:Core/Src/stm32f4xx_it.c ****   *
  16:Core/Src/stm32f4xx_it.c ****   ******************************************************************************
  17:Core/Src/stm32f4xx_it.c ****   */
  18:Core/Src/stm32f4xx_it.c **** /* USER CODE END Header */
  19:Core/Src/stm32f4xx_it.c **** 
  20:Core/Src/stm32f4xx_it.c **** /* Includes ------------------------------------------------------------------*/
  21:Core/Src/stm32f4xx_it.c **** #include "main.h"
  22:Core/Src/stm32f4xx_it.c **** #include "stm32f4xx_it.h"
  23:Core/Src/stm32f4xx_it.c **** #include "FreeRTOS.h"
  24:Core/Src/stm32f4xx_it.c **** #include "task.h"
  25:Core/Src/stm32f4xx_it.c **** /* Private includes ----------------------------------------------------------*/
  26:Core/Src/stm32f4xx_it.c **** /* USER CODE BEGIN Includes */
  27:Core/Src/stm32f4xx_it.c **** /* USER CODE END Includes */
  28:Core/Src/stm32f4xx_it.c **** 
  29:Core/Src/stm32f4xx_it.c **** /* Private typedef -----------------------------------------------------------*/
  30:Core/Src/stm32f4xx_it.c **** /* USER CODE BEGIN TD */
ARM GAS  C:\Users\yunze\AppData\Local\Temp\ccAScfki.s 			page 2


  31:Core/Src/stm32f4xx_it.c **** 
  32:Core/Src/stm32f4xx_it.c **** /* USER CODE END TD */
  33:Core/Src/stm32f4xx_it.c **** 
  34:Core/Src/stm32f4xx_it.c **** /* Private define ------------------------------------------------------------*/
  35:Core/Src/stm32f4xx_it.c **** /* USER CODE BEGIN PD */
  36:Core/Src/stm32f4xx_it.c **** 
  37:Core/Src/stm32f4xx_it.c **** /* USER CODE END PD */
  38:Core/Src/stm32f4xx_it.c **** 
  39:Core/Src/stm32f4xx_it.c **** /* Private macro -------------------------------------------------------------*/
  40:Core/Src/stm32f4xx_it.c **** /* USER CODE BEGIN PM */
  41:Core/Src/stm32f4xx_it.c **** 
  42:Core/Src/stm32f4xx_it.c **** /* USER CODE END PM */
  43:Core/Src/stm32f4xx_it.c **** 
  44:Core/Src/stm32f4xx_it.c **** /* Private variables ---------------------------------------------------------*/
  45:Core/Src/stm32f4xx_it.c **** /* USER CODE BEGIN PV */
  46:Core/Src/stm32f4xx_it.c **** 
  47:Core/Src/stm32f4xx_it.c **** /* USER CODE END PV */
  48:Core/Src/stm32f4xx_it.c **** 
  49:Core/Src/stm32f4xx_it.c **** /* Private function prototypes -----------------------------------------------*/
  50:Core/Src/stm32f4xx_it.c **** /* USER CODE BEGIN PFP */
  51:Core/Src/stm32f4xx_it.c **** 
  52:Core/Src/stm32f4xx_it.c **** /* USER CODE END PFP */
  53:Core/Src/stm32f4xx_it.c **** 
  54:Core/Src/stm32f4xx_it.c **** /* Private user code ---------------------------------------------------------*/
  55:Core/Src/stm32f4xx_it.c **** /* USER CODE BEGIN 0 */
  56:Core/Src/stm32f4xx_it.c **** 
  57:Core/Src/stm32f4xx_it.c **** /* USER CODE END 0 */
  58:Core/Src/stm32f4xx_it.c **** 
  59:Core/Src/stm32f4xx_it.c **** /* External variables --------------------------------------------------------*/
  60:Core/Src/stm32f4xx_it.c **** extern DMA_HandleTypeDef hdma_usart1_rx;
  61:Core/Src/stm32f4xx_it.c **** extern DMA_HandleTypeDef hdma_usart1_tx;
  62:Core/Src/stm32f4xx_it.c **** extern DMA_HandleTypeDef hdma_usart2_rx;
  63:Core/Src/stm32f4xx_it.c **** extern DMA_HandleTypeDef hdma_usart2_tx;
  64:Core/Src/stm32f4xx_it.c **** extern UART_HandleTypeDef huart1;
  65:Core/Src/stm32f4xx_it.c **** /* USER CODE BEGIN EV */
  66:Core/Src/stm32f4xx_it.c **** 
  67:Core/Src/stm32f4xx_it.c **** /* USER CODE END EV */
  68:Core/Src/stm32f4xx_it.c **** 
  69:Core/Src/stm32f4xx_it.c **** /******************************************************************************/
  70:Core/Src/stm32f4xx_it.c **** /*           Cortex-M4 Processor Interruption and Exception Handlers          */
  71:Core/Src/stm32f4xx_it.c **** /******************************************************************************/
  72:Core/Src/stm32f4xx_it.c **** /**
  73:Core/Src/stm32f4xx_it.c ****   * @brief This function handles Non maskable interrupt.
  74:Core/Src/stm32f4xx_it.c ****   */
  75:Core/Src/stm32f4xx_it.c **** void NMI_Handler(void)
  76:Core/Src/stm32f4xx_it.c **** {
  29              		.loc 1 76 1 view -0
  30              		.cfi_startproc
  31              		@ Volatile: function does not return.
  32              		@ args = 0, pretend = 0, frame = 0
  33              		@ frame_needed = 0, uses_anonymous_args = 0
  34              		@ link register save eliminated.
  35              	.L2:
  77:Core/Src/stm32f4xx_it.c ****   /* USER CODE BEGIN NonMaskableInt_IRQn 0 */
  78:Core/Src/stm32f4xx_it.c **** 
  79:Core/Src/stm32f4xx_it.c ****   /* USER CODE END NonMaskableInt_IRQn 0 */
  80:Core/Src/stm32f4xx_it.c ****   /* USER CODE BEGIN NonMaskableInt_IRQn 1 */
ARM GAS  C:\Users\yunze\AppData\Local\Temp\ccAScfki.s 			page 3


  81:Core/Src/stm32f4xx_it.c ****   while (1)
  36              		.loc 1 81 3 discriminator 1 view .LVU1
  82:Core/Src/stm32f4xx_it.c ****   {
  83:Core/Src/stm32f4xx_it.c ****   }
  37              		.loc 1 83 3 discriminator 1 view .LVU2
  81:Core/Src/stm32f4xx_it.c ****   {
  38              		.loc 1 81 9 discriminator 1 view .LVU3
  39 0000 FEE7     		b	.L2
  40              		.cfi_endproc
  41              	.LFE134:
  43              		.section	.text.HardFault_Handler,"ax",%progbits
  44              		.align	1
  45              		.global	HardFault_Handler
  46              		.syntax unified
  47              		.thumb
  48              		.thumb_func
  49              		.fpu fpv4-sp-d16
  51              	HardFault_Handler:
  52              	.LFB135:
  84:Core/Src/stm32f4xx_it.c ****   /* USER CODE END NonMaskableInt_IRQn 1 */
  85:Core/Src/stm32f4xx_it.c **** }
  86:Core/Src/stm32f4xx_it.c **** 
  87:Core/Src/stm32f4xx_it.c **** /**
  88:Core/Src/stm32f4xx_it.c ****   * @brief This function handles Hard fault interrupt.
  89:Core/Src/stm32f4xx_it.c ****   */
  90:Core/Src/stm32f4xx_it.c **** void HardFault_Handler(void)
  91:Core/Src/stm32f4xx_it.c **** {
  53              		.loc 1 91 1 view -0
  54              		.cfi_startproc
  55              		@ Volatile: function does not return.
  56              		@ args = 0, pretend = 0, frame = 0
  57              		@ frame_needed = 0, uses_anonymous_args = 0
  58              		@ link register save eliminated.
  59              	.L4:
  92:Core/Src/stm32f4xx_it.c ****   /* USER CODE BEGIN HardFault_IRQn 0 */
  93:Core/Src/stm32f4xx_it.c **** 
  94:Core/Src/stm32f4xx_it.c ****   /* USER CODE END HardFault_IRQn 0 */
  95:Core/Src/stm32f4xx_it.c ****   while (1)
  60              		.loc 1 95 3 discriminator 1 view .LVU5
  96:Core/Src/stm32f4xx_it.c ****   {
  97:Core/Src/stm32f4xx_it.c ****     /* USER CODE BEGIN W1_HardFault_IRQn 0 */
  98:Core/Src/stm32f4xx_it.c ****     /* USER CODE END W1_HardFault_IRQn 0 */
  99:Core/Src/stm32f4xx_it.c ****   }
  61              		.loc 1 99 3 discriminator 1 view .LVU6
  95:Core/Src/stm32f4xx_it.c ****   {
  62              		.loc 1 95 9 discriminator 1 view .LVU7
  63 0000 FEE7     		b	.L4
  64              		.cfi_endproc
  65              	.LFE135:
  67              		.section	.text.MemManage_Handler,"ax",%progbits
  68              		.align	1
  69              		.global	MemManage_Handler
  70              		.syntax unified
  71              		.thumb
  72              		.thumb_func
  73              		.fpu fpv4-sp-d16
  75              	MemManage_Handler:
ARM GAS  C:\Users\yunze\AppData\Local\Temp\ccAScfki.s 			page 4


  76              	.LFB136:
 100:Core/Src/stm32f4xx_it.c **** }
 101:Core/Src/stm32f4xx_it.c **** 
 102:Core/Src/stm32f4xx_it.c **** /**
 103:Core/Src/stm32f4xx_it.c ****   * @brief This function handles Memory management fault.
 104:Core/Src/stm32f4xx_it.c ****   */
 105:Core/Src/stm32f4xx_it.c **** void MemManage_Handler(void)
 106:Core/Src/stm32f4xx_it.c **** {
  77              		.loc 1 106 1 view -0
  78              		.cfi_startproc
  79              		@ Volatile: function does not return.
  80              		@ args = 0, pretend = 0, frame = 0
  81              		@ frame_needed = 0, uses_anonymous_args = 0
  82              		@ link register save eliminated.
  83              	.L6:
 107:Core/Src/stm32f4xx_it.c ****   /* USER CODE BEGIN MemoryManagement_IRQn 0 */
 108:Core/Src/stm32f4xx_it.c **** 
 109:Core/Src/stm32f4xx_it.c ****   /* USER CODE END MemoryManagement_IRQn 0 */
 110:Core/Src/stm32f4xx_it.c ****   while (1)
  84              		.loc 1 110 3 discriminator 1 view .LVU9
 111:Core/Src/stm32f4xx_it.c ****   {
 112:Core/Src/stm32f4xx_it.c ****     /* USER CODE BEGIN W1_MemoryManagement_IRQn 0 */
 113:Core/Src/stm32f4xx_it.c ****     /* USER CODE END W1_MemoryManagement_IRQn 0 */
 114:Core/Src/stm32f4xx_it.c ****   }
  85              		.loc 1 114 3 discriminator 1 view .LVU10
 110:Core/Src/stm32f4xx_it.c ****   {
  86              		.loc 1 110 9 discriminator 1 view .LVU11
  87 0000 FEE7     		b	.L6
  88              		.cfi_endproc
  89              	.LFE136:
  91              		.section	.text.BusFault_Handler,"ax",%progbits
  92              		.align	1
  93              		.global	BusFault_Handler
  94              		.syntax unified
  95              		.thumb
  96              		.thumb_func
  97              		.fpu fpv4-sp-d16
  99              	BusFault_Handler:
 100              	.LFB137:
 115:Core/Src/stm32f4xx_it.c **** }
 116:Core/Src/stm32f4xx_it.c **** 
 117:Core/Src/stm32f4xx_it.c **** /**
 118:Core/Src/stm32f4xx_it.c ****   * @brief This function handles Pre-fetch fault, memory access fault.
 119:Core/Src/stm32f4xx_it.c ****   */
 120:Core/Src/stm32f4xx_it.c **** void BusFault_Handler(void)
 121:Core/Src/stm32f4xx_it.c **** {
 101              		.loc 1 121 1 view -0
 102              		.cfi_startproc
 103              		@ Volatile: function does not return.
 104              		@ args = 0, pretend = 0, frame = 0
 105              		@ frame_needed = 0, uses_anonymous_args = 0
 106              		@ link register save eliminated.
 107              	.L8:
 122:Core/Src/stm32f4xx_it.c ****   /* USER CODE BEGIN BusFault_IRQn 0 */
 123:Core/Src/stm32f4xx_it.c **** 
 124:Core/Src/stm32f4xx_it.c ****   /* USER CODE END BusFault_IRQn 0 */
 125:Core/Src/stm32f4xx_it.c ****   while (1)
ARM GAS  C:\Users\yunze\AppData\Local\Temp\ccAScfki.s 			page 5


 108              		.loc 1 125 3 discriminator 1 view .LVU13
 126:Core/Src/stm32f4xx_it.c ****   {
 127:Core/Src/stm32f4xx_it.c ****     /* USER CODE BEGIN W1_BusFault_IRQn 0 */
 128:Core/Src/stm32f4xx_it.c ****     /* USER CODE END W1_BusFault_IRQn 0 */
 129:Core/Src/stm32f4xx_it.c ****   }
 109              		.loc 1 129 3 discriminator 1 view .LVU14
 125:Core/Src/stm32f4xx_it.c ****   {
 110              		.loc 1 125 9 discriminator 1 view .LVU15
 111 0000 FEE7     		b	.L8
 112              		.cfi_endproc
 113              	.LFE137:
 115              		.section	.text.UsageFault_Handler,"ax",%progbits
 116              		.align	1
 117              		.global	UsageFault_Handler
 118              		.syntax unified
 119              		.thumb
 120              		.thumb_func
 121              		.fpu fpv4-sp-d16
 123              	UsageFault_Handler:
 124              	.LFB138:
 130:Core/Src/stm32f4xx_it.c **** }
 131:Core/Src/stm32f4xx_it.c **** 
 132:Core/Src/stm32f4xx_it.c **** /**
 133:Core/Src/stm32f4xx_it.c ****   * @brief This function handles Undefined instruction or illegal state.
 134:Core/Src/stm32f4xx_it.c ****   */
 135:Core/Src/stm32f4xx_it.c **** void UsageFault_Handler(void)
 136:Core/Src/stm32f4xx_it.c **** {
 125              		.loc 1 136 1 view -0
 126              		.cfi_startproc
 127              		@ Volatile: function does not return.
 128              		@ args = 0, pretend = 0, frame = 0
 129              		@ frame_needed = 0, uses_anonymous_args = 0
 130              		@ link register save eliminated.
 131              	.L10:
 137:Core/Src/stm32f4xx_it.c ****   /* USER CODE BEGIN UsageFault_IRQn 0 */
 138:Core/Src/stm32f4xx_it.c **** 
 139:Core/Src/stm32f4xx_it.c ****   /* USER CODE END UsageFault_IRQn 0 */
 140:Core/Src/stm32f4xx_it.c ****   while (1)
 132              		.loc 1 140 3 discriminator 1 view .LVU17
 141:Core/Src/stm32f4xx_it.c ****   {
 142:Core/Src/stm32f4xx_it.c ****     /* USER CODE BEGIN W1_UsageFault_IRQn 0 */
 143:Core/Src/stm32f4xx_it.c ****     /* USER CODE END W1_UsageFault_IRQn 0 */
 144:Core/Src/stm32f4xx_it.c ****   }
 133              		.loc 1 144 3 discriminator 1 view .LVU18
 140:Core/Src/stm32f4xx_it.c ****   {
 134              		.loc 1 140 9 discriminator 1 view .LVU19
 135 0000 FEE7     		b	.L10
 136              		.cfi_endproc
 137              	.LFE138:
 139              		.section	.text.DebugMon_Handler,"ax",%progbits
 140              		.align	1
 141              		.global	DebugMon_Handler
 142              		.syntax unified
 143              		.thumb
 144              		.thumb_func
 145              		.fpu fpv4-sp-d16
 147              	DebugMon_Handler:
ARM GAS  C:\Users\yunze\AppData\Local\Temp\ccAScfki.s 			page 6


 148              	.LFB139:
 145:Core/Src/stm32f4xx_it.c **** }
 146:Core/Src/stm32f4xx_it.c **** 
 147:Core/Src/stm32f4xx_it.c **** /**
 148:Core/Src/stm32f4xx_it.c ****   * @brief This function handles Debug monitor.
 149:Core/Src/stm32f4xx_it.c ****   */
 150:Core/Src/stm32f4xx_it.c **** void DebugMon_Handler(void)
 151:Core/Src/stm32f4xx_it.c **** {
 149              		.loc 1 151 1 view -0
 150              		.cfi_startproc
 151              		@ args = 0, pretend = 0, frame = 0
 152              		@ frame_needed = 0, uses_anonymous_args = 0
 153              		@ link register save eliminated.
 152:Core/Src/stm32f4xx_it.c ****   /* USER CODE BEGIN DebugMonitor_IRQn 0 */
 153:Core/Src/stm32f4xx_it.c **** 
 154:Core/Src/stm32f4xx_it.c ****   /* USER CODE END DebugMonitor_IRQn 0 */
 155:Core/Src/stm32f4xx_it.c ****   /* USER CODE BEGIN DebugMonitor_IRQn 1 */
 156:Core/Src/stm32f4xx_it.c **** 
 157:Core/Src/stm32f4xx_it.c ****   /* USER CODE END DebugMonitor_IRQn 1 */
 158:Core/Src/stm32f4xx_it.c **** }
 154              		.loc 1 158 1 view .LVU21
 155 0000 7047     		bx	lr
 156              		.cfi_endproc
 157              	.LFE139:
 159              		.section	.text.SysTick_Handler,"ax",%progbits
 160              		.align	1
 161              		.global	SysTick_Handler
 162              		.syntax unified
 163              		.thumb
 164              		.thumb_func
 165              		.fpu fpv4-sp-d16
 167              	SysTick_Handler:
 168              	.LFB140:
 159:Core/Src/stm32f4xx_it.c **** 
 160:Core/Src/stm32f4xx_it.c **** /**
 161:Core/Src/stm32f4xx_it.c ****   * @brief This function handles System tick timer.
 162:Core/Src/stm32f4xx_it.c ****   */
 163:Core/Src/stm32f4xx_it.c **** void SysTick_Handler(void)
 164:Core/Src/stm32f4xx_it.c **** {
 169              		.loc 1 164 1 view -0
 170              		.cfi_startproc
 171              		@ args = 0, pretend = 0, frame = 0
 172              		@ frame_needed = 0, uses_anonymous_args = 0
 173 0000 08B5     		push	{r3, lr}
 174              	.LCFI0:
 175              		.cfi_def_cfa_offset 8
 176              		.cfi_offset 3, -8
 177              		.cfi_offset 14, -4
 165:Core/Src/stm32f4xx_it.c ****   /* USER CODE BEGIN SysTick_IRQn 0 */
 166:Core/Src/stm32f4xx_it.c **** 
 167:Core/Src/stm32f4xx_it.c ****   /* USER CODE END SysTick_IRQn 0 */
 168:Core/Src/stm32f4xx_it.c ****   HAL_IncTick();
 178              		.loc 1 168 3 view .LVU23
 179 0002 FFF7FEFF 		bl	HAL_IncTick
 180              	.LVL0:
 169:Core/Src/stm32f4xx_it.c **** #if (INCLUDE_xTaskGetSchedulerState == 1 )
 170:Core/Src/stm32f4xx_it.c ****   if (xTaskGetSchedulerState() != taskSCHEDULER_NOT_STARTED)
ARM GAS  C:\Users\yunze\AppData\Local\Temp\ccAScfki.s 			page 7


 181              		.loc 1 170 3 view .LVU24
 182              		.loc 1 170 7 is_stmt 0 view .LVU25
 183 0006 FFF7FEFF 		bl	xTaskGetSchedulerState
 184              	.LVL1:
 185              		.loc 1 170 6 view .LVU26
 186 000a 0128     		cmp	r0, #1
 187 000c 00D1     		bne	.L15
 188              	.L12:
 171:Core/Src/stm32f4xx_it.c ****   {
 172:Core/Src/stm32f4xx_it.c **** #endif /* INCLUDE_xTaskGetSchedulerState */
 173:Core/Src/stm32f4xx_it.c ****   xPortSysTickHandler();
 174:Core/Src/stm32f4xx_it.c **** #if (INCLUDE_xTaskGetSchedulerState == 1 )
 175:Core/Src/stm32f4xx_it.c ****   }
 176:Core/Src/stm32f4xx_it.c **** #endif /* INCLUDE_xTaskGetSchedulerState */
 177:Core/Src/stm32f4xx_it.c ****   /* USER CODE BEGIN SysTick_IRQn 1 */
 178:Core/Src/stm32f4xx_it.c **** 
 179:Core/Src/stm32f4xx_it.c ****   /* USER CODE END SysTick_IRQn 1 */
 180:Core/Src/stm32f4xx_it.c **** }
 189              		.loc 1 180 1 view .LVU27
 190 000e 08BD     		pop	{r3, pc}
 191              	.L15:
 173:Core/Src/stm32f4xx_it.c **** #if (INCLUDE_xTaskGetSchedulerState == 1 )
 192              		.loc 1 173 3 is_stmt 1 view .LVU28
 193 0010 FFF7FEFF 		bl	xPortSysTickHandler
 194              	.LVL2:
 195              		.loc 1 180 1 is_stmt 0 view .LVU29
 196 0014 FBE7     		b	.L12
 197              		.cfi_endproc
 198              	.LFE140:
 200              		.section	.text.DMA1_Stream5_IRQHandler,"ax",%progbits
 201              		.align	1
 202              		.global	DMA1_Stream5_IRQHandler
 203              		.syntax unified
 204              		.thumb
 205              		.thumb_func
 206              		.fpu fpv4-sp-d16
 208              	DMA1_Stream5_IRQHandler:
 209              	.LFB141:
 181:Core/Src/stm32f4xx_it.c **** 
 182:Core/Src/stm32f4xx_it.c **** /******************************************************************************/
 183:Core/Src/stm32f4xx_it.c **** /* STM32F4xx Peripheral Interrupt Handlers                                    */
 184:Core/Src/stm32f4xx_it.c **** /* Add here the Interrupt Handlers for the used peripherals.                  */
 185:Core/Src/stm32f4xx_it.c **** /* For the available peripheral interrupt handler names,                      */
 186:Core/Src/stm32f4xx_it.c **** /* please refer to the startup file (startup_stm32f4xx.s).                    */
 187:Core/Src/stm32f4xx_it.c **** /******************************************************************************/
 188:Core/Src/stm32f4xx_it.c **** 
 189:Core/Src/stm32f4xx_it.c **** /**
 190:Core/Src/stm32f4xx_it.c ****   * @brief This function handles DMA1 stream5 global interrupt.
 191:Core/Src/stm32f4xx_it.c ****   */
 192:Core/Src/stm32f4xx_it.c **** void DMA1_Stream5_IRQHandler(void)
 193:Core/Src/stm32f4xx_it.c **** {
 210              		.loc 1 193 1 is_stmt 1 view -0
 211              		.cfi_startproc
 212              		@ args = 0, pretend = 0, frame = 0
 213              		@ frame_needed = 0, uses_anonymous_args = 0
 214 0000 08B5     		push	{r3, lr}
 215              	.LCFI1:
ARM GAS  C:\Users\yunze\AppData\Local\Temp\ccAScfki.s 			page 8


 216              		.cfi_def_cfa_offset 8
 217              		.cfi_offset 3, -8
 218              		.cfi_offset 14, -4
 194:Core/Src/stm32f4xx_it.c ****   /* USER CODE BEGIN DMA1_Stream5_IRQn 0 */
 195:Core/Src/stm32f4xx_it.c **** 
 196:Core/Src/stm32f4xx_it.c ****   /* USER CODE END DMA1_Stream5_IRQn 0 */
 197:Core/Src/stm32f4xx_it.c ****   HAL_DMA_IRQHandler(&hdma_usart2_rx);
 219              		.loc 1 197 3 view .LVU31
 220 0002 0248     		ldr	r0, .L18
 221 0004 FFF7FEFF 		bl	HAL_DMA_IRQHandler
 222              	.LVL3:
 198:Core/Src/stm32f4xx_it.c ****   /* USER CODE BEGIN DMA1_Stream5_IRQn 1 */
 199:Core/Src/stm32f4xx_it.c **** 
 200:Core/Src/stm32f4xx_it.c ****   /* USER CODE END DMA1_Stream5_IRQn 1 */
 201:Core/Src/stm32f4xx_it.c **** }
 223              		.loc 1 201 1 is_stmt 0 view .LVU32
 224 0008 08BD     		pop	{r3, pc}
 225              	.L19:
 226 000a 00BF     		.align	2
 227              	.L18:
 228 000c 00000000 		.word	hdma_usart2_rx
 229              		.cfi_endproc
 230              	.LFE141:
 232              		.section	.text.DMA1_Stream6_IRQHandler,"ax",%progbits
 233              		.align	1
 234              		.global	DMA1_Stream6_IRQHandler
 235              		.syntax unified
 236              		.thumb
 237              		.thumb_func
 238              		.fpu fpv4-sp-d16
 240              	DMA1_Stream6_IRQHandler:
 241              	.LFB142:
 202:Core/Src/stm32f4xx_it.c **** 
 203:Core/Src/stm32f4xx_it.c **** /**
 204:Core/Src/stm32f4xx_it.c ****   * @brief This function handles DMA1 stream6 global interrupt.
 205:Core/Src/stm32f4xx_it.c ****   */
 206:Core/Src/stm32f4xx_it.c **** void DMA1_Stream6_IRQHandler(void)
 207:Core/Src/stm32f4xx_it.c **** {
 242              		.loc 1 207 1 is_stmt 1 view -0
 243              		.cfi_startproc
 244              		@ args = 0, pretend = 0, frame = 0
 245              		@ frame_needed = 0, uses_anonymous_args = 0
 246 0000 08B5     		push	{r3, lr}
 247              	.LCFI2:
 248              		.cfi_def_cfa_offset 8
 249              		.cfi_offset 3, -8
 250              		.cfi_offset 14, -4
 208:Core/Src/stm32f4xx_it.c ****   /* USER CODE BEGIN DMA1_Stream6_IRQn 0 */
 209:Core/Src/stm32f4xx_it.c **** 
 210:Core/Src/stm32f4xx_it.c ****   /* USER CODE END DMA1_Stream6_IRQn 0 */
 211:Core/Src/stm32f4xx_it.c ****   HAL_DMA_IRQHandler(&hdma_usart2_tx);
 251              		.loc 1 211 3 view .LVU34
 252 0002 0248     		ldr	r0, .L22
 253 0004 FFF7FEFF 		bl	HAL_DMA_IRQHandler
 254              	.LVL4:
 212:Core/Src/stm32f4xx_it.c ****   /* USER CODE BEGIN DMA1_Stream6_IRQn 1 */
 213:Core/Src/stm32f4xx_it.c **** 
ARM GAS  C:\Users\yunze\AppData\Local\Temp\ccAScfki.s 			page 9


 214:Core/Src/stm32f4xx_it.c ****   /* USER CODE END DMA1_Stream6_IRQn 1 */
 215:Core/Src/stm32f4xx_it.c **** }
 255              		.loc 1 215 1 is_stmt 0 view .LVU35
 256 0008 08BD     		pop	{r3, pc}
 257              	.L23:
 258 000a 00BF     		.align	2
 259              	.L22:
 260 000c 00000000 		.word	hdma_usart2_tx
 261              		.cfi_endproc
 262              	.LFE142:
 264              		.section	.text.USART1_IRQHandler,"ax",%progbits
 265              		.align	1
 266              		.global	USART1_IRQHandler
 267              		.syntax unified
 268              		.thumb
 269              		.thumb_func
 270              		.fpu fpv4-sp-d16
 272              	USART1_IRQHandler:
 273              	.LFB143:
 216:Core/Src/stm32f4xx_it.c **** 
 217:Core/Src/stm32f4xx_it.c **** /**
 218:Core/Src/stm32f4xx_it.c ****   * @brief This function handles USART1 global interrupt.
 219:Core/Src/stm32f4xx_it.c ****   */
 220:Core/Src/stm32f4xx_it.c **** void USART1_IRQHandler(void)
 221:Core/Src/stm32f4xx_it.c **** {
 274              		.loc 1 221 1 is_stmt 1 view -0
 275              		.cfi_startproc
 276              		@ args = 0, pretend = 0, frame = 0
 277              		@ frame_needed = 0, uses_anonymous_args = 0
 278 0000 08B5     		push	{r3, lr}
 279              	.LCFI3:
 280              		.cfi_def_cfa_offset 8
 281              		.cfi_offset 3, -8
 282              		.cfi_offset 14, -4
 222:Core/Src/stm32f4xx_it.c ****   /* USER CODE BEGIN USART1_IRQn 0 */
 223:Core/Src/stm32f4xx_it.c **** 
 224:Core/Src/stm32f4xx_it.c ****   /* USER CODE END USART1_IRQn 0 */
 225:Core/Src/stm32f4xx_it.c ****   HAL_UART_IRQHandler(&huart1);
 283              		.loc 1 225 3 view .LVU37
 284 0002 0248     		ldr	r0, .L26
 285 0004 FFF7FEFF 		bl	HAL_UART_IRQHandler
 286              	.LVL5:
 226:Core/Src/stm32f4xx_it.c ****   /* USER CODE BEGIN USART1_IRQn 1 */
 227:Core/Src/stm32f4xx_it.c **** 
 228:Core/Src/stm32f4xx_it.c ****   /* USER CODE END USART1_IRQn 1 */
 229:Core/Src/stm32f4xx_it.c **** }
 287              		.loc 1 229 1 is_stmt 0 view .LVU38
 288 0008 08BD     		pop	{r3, pc}
 289              	.L27:
 290 000a 00BF     		.align	2
 291              	.L26:
 292 000c 00000000 		.word	huart1
 293              		.cfi_endproc
 294              	.LFE143:
 296              		.section	.text.DMA2_Stream2_IRQHandler,"ax",%progbits
 297              		.align	1
 298              		.global	DMA2_Stream2_IRQHandler
ARM GAS  C:\Users\yunze\AppData\Local\Temp\ccAScfki.s 			page 10


 299              		.syntax unified
 300              		.thumb
 301              		.thumb_func
 302              		.fpu fpv4-sp-d16
 304              	DMA2_Stream2_IRQHandler:
 305              	.LFB144:
 230:Core/Src/stm32f4xx_it.c **** 
 231:Core/Src/stm32f4xx_it.c **** /**
 232:Core/Src/stm32f4xx_it.c ****   * @brief This function handles DMA2 stream2 global interrupt.
 233:Core/Src/stm32f4xx_it.c ****   */
 234:Core/Src/stm32f4xx_it.c **** void DMA2_Stream2_IRQHandler(void)
 235:Core/Src/stm32f4xx_it.c **** {
 306              		.loc 1 235 1 is_stmt 1 view -0
 307              		.cfi_startproc
 308              		@ args = 0, pretend = 0, frame = 0
 309              		@ frame_needed = 0, uses_anonymous_args = 0
 310 0000 08B5     		push	{r3, lr}
 311              	.LCFI4:
 312              		.cfi_def_cfa_offset 8
 313              		.cfi_offset 3, -8
 314              		.cfi_offset 14, -4
 236:Core/Src/stm32f4xx_it.c ****   /* USER CODE BEGIN DMA2_Stream2_IRQn 0 */
 237:Core/Src/stm32f4xx_it.c **** 
 238:Core/Src/stm32f4xx_it.c ****   /* USER CODE END DMA2_Stream2_IRQn 0 */
 239:Core/Src/stm32f4xx_it.c ****   HAL_DMA_IRQHandler(&hdma_usart1_rx);
 315              		.loc 1 239 3 view .LVU40
 316 0002 0248     		ldr	r0, .L30
 317 0004 FFF7FEFF 		bl	HAL_DMA_IRQHandler
 318              	.LVL6:
 240:Core/Src/stm32f4xx_it.c ****   /* USER CODE BEGIN DMA2_Stream2_IRQn 1 */
 241:Core/Src/stm32f4xx_it.c **** 
 242:Core/Src/stm32f4xx_it.c ****   /* USER CODE END DMA2_Stream2_IRQn 1 */
 243:Core/Src/stm32f4xx_it.c **** }
 319              		.loc 1 243 1 is_stmt 0 view .LVU41
 320 0008 08BD     		pop	{r3, pc}
 321              	.L31:
 322 000a 00BF     		.align	2
 323              	.L30:
 324 000c 00000000 		.word	hdma_usart1_rx
 325              		.cfi_endproc
 326              	.LFE144:
 328              		.section	.text.DMA2_Stream7_IRQHandler,"ax",%progbits
 329              		.align	1
 330              		.global	DMA2_Stream7_IRQHandler
 331              		.syntax unified
 332              		.thumb
 333              		.thumb_func
 334              		.fpu fpv4-sp-d16
 336              	DMA2_Stream7_IRQHandler:
 337              	.LFB145:
 244:Core/Src/stm32f4xx_it.c **** 
 245:Core/Src/stm32f4xx_it.c **** /**
 246:Core/Src/stm32f4xx_it.c ****   * @brief This function handles DMA2 stream7 global interrupt.
 247:Core/Src/stm32f4xx_it.c ****   */
 248:Core/Src/stm32f4xx_it.c **** void DMA2_Stream7_IRQHandler(void)
 249:Core/Src/stm32f4xx_it.c **** {
 338              		.loc 1 249 1 is_stmt 1 view -0
ARM GAS  C:\Users\yunze\AppData\Local\Temp\ccAScfki.s 			page 11


 339              		.cfi_startproc
 340              		@ args = 0, pretend = 0, frame = 0
 341              		@ frame_needed = 0, uses_anonymous_args = 0
 342 0000 08B5     		push	{r3, lr}
 343              	.LCFI5:
 344              		.cfi_def_cfa_offset 8
 345              		.cfi_offset 3, -8
 346              		.cfi_offset 14, -4
 250:Core/Src/stm32f4xx_it.c ****   /* USER CODE BEGIN DMA2_Stream7_IRQn 0 */
 251:Core/Src/stm32f4xx_it.c **** 
 252:Core/Src/stm32f4xx_it.c ****   /* USER CODE END DMA2_Stream7_IRQn 0 */
 253:Core/Src/stm32f4xx_it.c ****   HAL_DMA_IRQHandler(&hdma_usart1_tx);
 347              		.loc 1 253 3 view .LVU43
 348 0002 0248     		ldr	r0, .L34
 349 0004 FFF7FEFF 		bl	HAL_DMA_IRQHandler
 350              	.LVL7:
 254:Core/Src/stm32f4xx_it.c ****   /* USER CODE BEGIN DMA2_Stream7_IRQn 1 */
 255:Core/Src/stm32f4xx_it.c **** 
 256:Core/Src/stm32f4xx_it.c ****   /* USER CODE END DMA2_Stream7_IRQn 1 */
 257:Core/Src/stm32f4xx_it.c **** }
 351              		.loc 1 257 1 is_stmt 0 view .LVU44
 352 0008 08BD     		pop	{r3, pc}
 353              	.L35:
 354 000a 00BF     		.align	2
 355              	.L34:
 356 000c 00000000 		.word	hdma_usart1_tx
 357              		.cfi_endproc
 358              	.LFE145:
 360              		.text
 361              	.Letext0:
 362              		.file 2 "d:\\program files\\stmicroelectronics\\stm32cube\\stm32cubemx\\gcc-arm-none-eabi-9-2019-q
 363              		.file 3 "d:\\program files\\stmicroelectronics\\stm32cube\\stm32cubemx\\gcc-arm-none-eabi-9-2019-q
 364              		.file 4 "Drivers/CMSIS/Include/core_cm4.h"
 365              		.file 5 "Drivers/CMSIS/Device/ST/STM32F4xx/Include/system_stm32f4xx.h"
 366              		.file 6 "Drivers/CMSIS/Device/ST/STM32F4xx/Include/stm32f405xx.h"
 367              		.file 7 "Drivers/STM32F4xx_HAL_Driver/Inc/stm32f4xx_hal_def.h"
 368              		.file 8 "Drivers/STM32F4xx_HAL_Driver/Inc/stm32f4xx_hal_dma.h"
 369              		.file 9 "Drivers/STM32F4xx_HAL_Driver/Inc/stm32f4xx_hal_uart.h"
 370              		.file 10 "Drivers/STM32F4xx_HAL_Driver/Inc/stm32f4xx_hal.h"
 371              		.file 11 "Middlewares/Third_Party/FreeRTOS/Source/portable/GCC/ARM_CM4F/portmacro.h"
 372              		.file 12 "Middlewares/Third_Party/FreeRTOS/Source/include/task.h"
 373              		.file 13 "Core/Inc/FreeRTOSConfig.h"
ARM GAS  C:\Users\yunze\AppData\Local\Temp\ccAScfki.s 			page 12


DEFINED SYMBOLS
                            *ABS*:00000000 stm32f4xx_it.c
C:\Users\yunze\AppData\Local\Temp\ccAScfki.s:18     .text.NMI_Handler:00000000 $t
C:\Users\yunze\AppData\Local\Temp\ccAScfki.s:26     .text.NMI_Handler:00000000 NMI_Handler
C:\Users\yunze\AppData\Local\Temp\ccAScfki.s:44     .text.HardFault_Handler:00000000 $t
C:\Users\yunze\AppData\Local\Temp\ccAScfki.s:51     .text.HardFault_Handler:00000000 HardFault_Handler
C:\Users\yunze\AppData\Local\Temp\ccAScfki.s:68     .text.MemManage_Handler:00000000 $t
C:\Users\yunze\AppData\Local\Temp\ccAScfki.s:75     .text.MemManage_Handler:00000000 MemManage_Handler
C:\Users\yunze\AppData\Local\Temp\ccAScfki.s:92     .text.BusFault_Handler:00000000 $t
C:\Users\yunze\AppData\Local\Temp\ccAScfki.s:99     .text.BusFault_Handler:00000000 BusFault_Handler
C:\Users\yunze\AppData\Local\Temp\ccAScfki.s:116    .text.UsageFault_Handler:00000000 $t
C:\Users\yunze\AppData\Local\Temp\ccAScfki.s:123    .text.UsageFault_Handler:00000000 UsageFault_Handler
C:\Users\yunze\AppData\Local\Temp\ccAScfki.s:140    .text.DebugMon_Handler:00000000 $t
C:\Users\yunze\AppData\Local\Temp\ccAScfki.s:147    .text.DebugMon_Handler:00000000 DebugMon_Handler
C:\Users\yunze\AppData\Local\Temp\ccAScfki.s:160    .text.SysTick_Handler:00000000 $t
C:\Users\yunze\AppData\Local\Temp\ccAScfki.s:167    .text.SysTick_Handler:00000000 SysTick_Handler
C:\Users\yunze\AppData\Local\Temp\ccAScfki.s:201    .text.DMA1_Stream5_IRQHandler:00000000 $t
C:\Users\yunze\AppData\Local\Temp\ccAScfki.s:208    .text.DMA1_Stream5_IRQHandler:00000000 DMA1_Stream5_IRQHandler
C:\Users\yunze\AppData\Local\Temp\ccAScfki.s:228    .text.DMA1_Stream5_IRQHandler:0000000c $d
C:\Users\yunze\AppData\Local\Temp\ccAScfki.s:233    .text.DMA1_Stream6_IRQHandler:00000000 $t
C:\Users\yunze\AppData\Local\Temp\ccAScfki.s:240    .text.DMA1_Stream6_IRQHandler:00000000 DMA1_Stream6_IRQHandler
C:\Users\yunze\AppData\Local\Temp\ccAScfki.s:260    .text.DMA1_Stream6_IRQHandler:0000000c $d
C:\Users\yunze\AppData\Local\Temp\ccAScfki.s:265    .text.USART1_IRQHandler:00000000 $t
C:\Users\yunze\AppData\Local\Temp\ccAScfki.s:272    .text.USART1_IRQHandler:00000000 USART1_IRQHandler
C:\Users\yunze\AppData\Local\Temp\ccAScfki.s:292    .text.USART1_IRQHandler:0000000c $d
C:\Users\yunze\AppData\Local\Temp\ccAScfki.s:297    .text.DMA2_Stream2_IRQHandler:00000000 $t
C:\Users\yunze\AppData\Local\Temp\ccAScfki.s:304    .text.DMA2_Stream2_IRQHandler:00000000 DMA2_Stream2_IRQHandler
C:\Users\yunze\AppData\Local\Temp\ccAScfki.s:324    .text.DMA2_Stream2_IRQHandler:0000000c $d
C:\Users\yunze\AppData\Local\Temp\ccAScfki.s:329    .text.DMA2_Stream7_IRQHandler:00000000 $t
C:\Users\yunze\AppData\Local\Temp\ccAScfki.s:336    .text.DMA2_Stream7_IRQHandler:00000000 DMA2_Stream7_IRQHandler
C:\Users\yunze\AppData\Local\Temp\ccAScfki.s:356    .text.DMA2_Stream7_IRQHandler:0000000c $d

UNDEFINED SYMBOLS
HAL_IncTick
xTaskGetSchedulerState
xPortSysTickHandler
HAL_DMA_IRQHandler
hdma_usart2_rx
hdma_usart2_tx
HAL_UART_IRQHandler
huart1
hdma_usart1_rx
hdma_usart1_tx
