ARM GAS  C:\Users\yunze\AppData\Local\Temp\cc6qXP8b.s 			page 1


   1              		.cpu cortex-m4
   2              		.eabi_attribute 27, 1
   3              		.eabi_attribute 28, 1
   4              		.eabi_attribute 20, 1
   5              		.eabi_attribute 21, 1
   6              		.eabi_attribute 23, 3
   7              		.eabi_attribute 24, 1
   8              		.eabi_attribute 25, 1
   9              		.eabi_attribute 26, 1
  10              		.eabi_attribute 30, 1
  11              		.eabi_attribute 34, 1
  12              		.eabi_attribute 18, 4
  13              		.file	"usart.c"
  14              		.text
  15              	.Ltext0:
  16              		.cfi_sections	.debug_frame
  17              		.section	.text.MX_USART1_UART_Init,"ax",%progbits
  18              		.align	1
  19              		.global	MX_USART1_UART_Init
  20              		.arch armv7e-m
  21              		.syntax unified
  22              		.thumb
  23              		.thumb_func
  24              		.fpu fpv4-sp-d16
  26              	MX_USART1_UART_Init:
  27              	.LFB130:
  28              		.file 1 "Core/Src/usart.c"
   1:Core/Src/usart.c **** /* USER CODE BEGIN Header */
   2:Core/Src/usart.c **** /**
   3:Core/Src/usart.c ****   ******************************************************************************
   4:Core/Src/usart.c ****   * @file    usart.c
   5:Core/Src/usart.c ****   * @brief   This file provides code for the configuration
   6:Core/Src/usart.c ****   *          of the USART instances.
   7:Core/Src/usart.c ****   ******************************************************************************
   8:Core/Src/usart.c ****   * @attention
   9:Core/Src/usart.c ****   *
  10:Core/Src/usart.c ****   * Copyright (c) 2024 STMicroelectronics.
  11:Core/Src/usart.c ****   * All rights reserved.
  12:Core/Src/usart.c ****   *
  13:Core/Src/usart.c ****   * This software is licensed under terms that can be found in the LICENSE file
  14:Core/Src/usart.c ****   * in the root directory of this software component.
  15:Core/Src/usart.c ****   * If no LICENSE file comes with this software, it is provided AS-IS.
  16:Core/Src/usart.c ****   *
  17:Core/Src/usart.c ****   ******************************************************************************
  18:Core/Src/usart.c ****   */
  19:Core/Src/usart.c **** /* USER CODE END Header */
  20:Core/Src/usart.c **** /* Includes ------------------------------------------------------------------*/
  21:Core/Src/usart.c **** #include "usart.h"
  22:Core/Src/usart.c **** 
  23:Core/Src/usart.c **** /* USER CODE BEGIN 0 */
  24:Core/Src/usart.c **** 
  25:Core/Src/usart.c **** /* USER CODE END 0 */
  26:Core/Src/usart.c **** 
  27:Core/Src/usart.c **** UART_HandleTypeDef huart1;
  28:Core/Src/usart.c **** UART_HandleTypeDef huart2;
  29:Core/Src/usart.c **** DMA_HandleTypeDef hdma_usart1_rx;
  30:Core/Src/usart.c **** DMA_HandleTypeDef hdma_usart1_tx;
ARM GAS  C:\Users\yunze\AppData\Local\Temp\cc6qXP8b.s 			page 2


  31:Core/Src/usart.c **** DMA_HandleTypeDef hdma_usart2_rx;
  32:Core/Src/usart.c **** DMA_HandleTypeDef hdma_usart2_tx;
  33:Core/Src/usart.c **** 
  34:Core/Src/usart.c **** /* USART1 init function */
  35:Core/Src/usart.c **** 
  36:Core/Src/usart.c **** void MX_USART1_UART_Init(void)
  37:Core/Src/usart.c **** {
  29              		.loc 1 37 1 view -0
  30              		.cfi_startproc
  31              		@ args = 0, pretend = 0, frame = 0
  32              		@ frame_needed = 0, uses_anonymous_args = 0
  33 0000 08B5     		push	{r3, lr}
  34              	.LCFI0:
  35              		.cfi_def_cfa_offset 8
  36              		.cfi_offset 3, -8
  37              		.cfi_offset 14, -4
  38:Core/Src/usart.c **** 
  39:Core/Src/usart.c ****   /* USER CODE BEGIN USART1_Init 0 */
  40:Core/Src/usart.c **** 
  41:Core/Src/usart.c ****   /* USER CODE END USART1_Init 0 */
  42:Core/Src/usart.c **** 
  43:Core/Src/usart.c ****   /* USER CODE BEGIN USART1_Init 1 */
  44:Core/Src/usart.c **** 
  45:Core/Src/usart.c ****   /* USER CODE END USART1_Init 1 */
  46:Core/Src/usart.c ****   huart1.Instance = USART1;
  38              		.loc 1 46 3 view .LVU1
  39              		.loc 1 46 19 is_stmt 0 view .LVU2
  40 0002 0A48     		ldr	r0, .L5
  41 0004 0A4B     		ldr	r3, .L5+4
  42 0006 0360     		str	r3, [r0]
  47:Core/Src/usart.c ****   huart1.Init.BaudRate = 115200;
  43              		.loc 1 47 3 is_stmt 1 view .LVU3
  44              		.loc 1 47 24 is_stmt 0 view .LVU4
  45 0008 4FF4E133 		mov	r3, #115200
  46 000c 4360     		str	r3, [r0, #4]
  48:Core/Src/usart.c ****   huart1.Init.WordLength = UART_WORDLENGTH_8B;
  47              		.loc 1 48 3 is_stmt 1 view .LVU5
  48              		.loc 1 48 26 is_stmt 0 view .LVU6
  49 000e 0023     		movs	r3, #0
  50 0010 8360     		str	r3, [r0, #8]
  49:Core/Src/usart.c ****   huart1.Init.StopBits = UART_STOPBITS_1;
  51              		.loc 1 49 3 is_stmt 1 view .LVU7
  52              		.loc 1 49 24 is_stmt 0 view .LVU8
  53 0012 C360     		str	r3, [r0, #12]
  50:Core/Src/usart.c ****   huart1.Init.Parity = UART_PARITY_NONE;
  54              		.loc 1 50 3 is_stmt 1 view .LVU9
  55              		.loc 1 50 22 is_stmt 0 view .LVU10
  56 0014 0361     		str	r3, [r0, #16]
  51:Core/Src/usart.c ****   huart1.Init.Mode = UART_MODE_TX_RX;
  57              		.loc 1 51 3 is_stmt 1 view .LVU11
  58              		.loc 1 51 20 is_stmt 0 view .LVU12
  59 0016 0C22     		movs	r2, #12
  60 0018 4261     		str	r2, [r0, #20]
  52:Core/Src/usart.c ****   huart1.Init.HwFlowCtl = UART_HWCONTROL_NONE;
  61              		.loc 1 52 3 is_stmt 1 view .LVU13
  62              		.loc 1 52 25 is_stmt 0 view .LVU14
  63 001a 8361     		str	r3, [r0, #24]
ARM GAS  C:\Users\yunze\AppData\Local\Temp\cc6qXP8b.s 			page 3


  53:Core/Src/usart.c ****   huart1.Init.OverSampling = UART_OVERSAMPLING_16;
  64              		.loc 1 53 3 is_stmt 1 view .LVU15
  65              		.loc 1 53 28 is_stmt 0 view .LVU16
  66 001c C361     		str	r3, [r0, #28]
  54:Core/Src/usart.c ****   if (HAL_UART_Init(&huart1) != HAL_OK)
  67              		.loc 1 54 3 is_stmt 1 view .LVU17
  68              		.loc 1 54 7 is_stmt 0 view .LVU18
  69 001e FFF7FEFF 		bl	HAL_UART_Init
  70              	.LVL0:
  71              		.loc 1 54 6 view .LVU19
  72 0022 00B9     		cbnz	r0, .L4
  73              	.L1:
  55:Core/Src/usart.c ****   {
  56:Core/Src/usart.c ****     Error_Handler();
  57:Core/Src/usart.c ****   }
  58:Core/Src/usart.c ****   /* USER CODE BEGIN USART1_Init 2 */
  59:Core/Src/usart.c **** 
  60:Core/Src/usart.c ****   /* USER CODE END USART1_Init 2 */
  61:Core/Src/usart.c **** 
  62:Core/Src/usart.c **** }
  74              		.loc 1 62 1 view .LVU20
  75 0024 08BD     		pop	{r3, pc}
  76              	.L4:
  56:Core/Src/usart.c ****   }
  77              		.loc 1 56 5 is_stmt 1 view .LVU21
  78 0026 FFF7FEFF 		bl	Error_Handler
  79              	.LVL1:
  80              		.loc 1 62 1 is_stmt 0 view .LVU22
  81 002a FBE7     		b	.L1
  82              	.L6:
  83              		.align	2
  84              	.L5:
  85 002c 00000000 		.word	huart1
  86 0030 00100140 		.word	1073811456
  87              		.cfi_endproc
  88              	.LFE130:
  90              		.section	.text.MX_USART2_UART_Init,"ax",%progbits
  91              		.align	1
  92              		.global	MX_USART2_UART_Init
  93              		.syntax unified
  94              		.thumb
  95              		.thumb_func
  96              		.fpu fpv4-sp-d16
  98              	MX_USART2_UART_Init:
  99              	.LFB131:
  63:Core/Src/usart.c **** /* USART2 init function */
  64:Core/Src/usart.c **** 
  65:Core/Src/usart.c **** void MX_USART2_UART_Init(void)
  66:Core/Src/usart.c **** {
 100              		.loc 1 66 1 is_stmt 1 view -0
 101              		.cfi_startproc
 102              		@ args = 0, pretend = 0, frame = 0
 103              		@ frame_needed = 0, uses_anonymous_args = 0
 104 0000 08B5     		push	{r3, lr}
 105              	.LCFI1:
 106              		.cfi_def_cfa_offset 8
 107              		.cfi_offset 3, -8
ARM GAS  C:\Users\yunze\AppData\Local\Temp\cc6qXP8b.s 			page 4


 108              		.cfi_offset 14, -4
  67:Core/Src/usart.c **** 
  68:Core/Src/usart.c ****   /* USER CODE BEGIN USART2_Init 0 */
  69:Core/Src/usart.c **** 
  70:Core/Src/usart.c ****   /* USER CODE END USART2_Init 0 */
  71:Core/Src/usart.c **** 
  72:Core/Src/usart.c ****   /* USER CODE BEGIN USART2_Init 1 */
  73:Core/Src/usart.c **** 
  74:Core/Src/usart.c ****   /* USER CODE END USART2_Init 1 */
  75:Core/Src/usart.c ****   huart2.Instance = USART2;
 109              		.loc 1 75 3 view .LVU24
 110              		.loc 1 75 19 is_stmt 0 view .LVU25
 111 0002 0A48     		ldr	r0, .L11
 112 0004 0A4B     		ldr	r3, .L11+4
 113 0006 0360     		str	r3, [r0]
  76:Core/Src/usart.c ****   huart2.Init.BaudRate = 115200;
 114              		.loc 1 76 3 is_stmt 1 view .LVU26
 115              		.loc 1 76 24 is_stmt 0 view .LVU27
 116 0008 4FF4E133 		mov	r3, #115200
 117 000c 4360     		str	r3, [r0, #4]
  77:Core/Src/usart.c ****   huart2.Init.WordLength = UART_WORDLENGTH_8B;
 118              		.loc 1 77 3 is_stmt 1 view .LVU28
 119              		.loc 1 77 26 is_stmt 0 view .LVU29
 120 000e 0023     		movs	r3, #0
 121 0010 8360     		str	r3, [r0, #8]
  78:Core/Src/usart.c ****   huart2.Init.StopBits = UART_STOPBITS_1;
 122              		.loc 1 78 3 is_stmt 1 view .LVU30
 123              		.loc 1 78 24 is_stmt 0 view .LVU31
 124 0012 C360     		str	r3, [r0, #12]
  79:Core/Src/usart.c ****   huart2.Init.Parity = UART_PARITY_NONE;
 125              		.loc 1 79 3 is_stmt 1 view .LVU32
 126              		.loc 1 79 22 is_stmt 0 view .LVU33
 127 0014 0361     		str	r3, [r0, #16]
  80:Core/Src/usart.c ****   huart2.Init.Mode = UART_MODE_TX_RX;
 128              		.loc 1 80 3 is_stmt 1 view .LVU34
 129              		.loc 1 80 20 is_stmt 0 view .LVU35
 130 0016 0C22     		movs	r2, #12
 131 0018 4261     		str	r2, [r0, #20]
  81:Core/Src/usart.c ****   huart2.Init.HwFlowCtl = UART_HWCONTROL_NONE;
 132              		.loc 1 81 3 is_stmt 1 view .LVU36
 133              		.loc 1 81 25 is_stmt 0 view .LVU37
 134 001a 8361     		str	r3, [r0, #24]
  82:Core/Src/usart.c ****   huart2.Init.OverSampling = UART_OVERSAMPLING_16;
 135              		.loc 1 82 3 is_stmt 1 view .LVU38
 136              		.loc 1 82 28 is_stmt 0 view .LVU39
 137 001c C361     		str	r3, [r0, #28]
  83:Core/Src/usart.c ****   if (HAL_UART_Init(&huart2) != HAL_OK)
 138              		.loc 1 83 3 is_stmt 1 view .LVU40
 139              		.loc 1 83 7 is_stmt 0 view .LVU41
 140 001e FFF7FEFF 		bl	HAL_UART_Init
 141              	.LVL2:
 142              		.loc 1 83 6 view .LVU42
 143 0022 00B9     		cbnz	r0, .L10
 144              	.L7:
  84:Core/Src/usart.c ****   {
  85:Core/Src/usart.c ****     Error_Handler();
  86:Core/Src/usart.c ****   }
ARM GAS  C:\Users\yunze\AppData\Local\Temp\cc6qXP8b.s 			page 5


  87:Core/Src/usart.c ****   /* USER CODE BEGIN USART2_Init 2 */
  88:Core/Src/usart.c **** 
  89:Core/Src/usart.c ****   /* USER CODE END USART2_Init 2 */
  90:Core/Src/usart.c **** 
  91:Core/Src/usart.c **** }
 145              		.loc 1 91 1 view .LVU43
 146 0024 08BD     		pop	{r3, pc}
 147              	.L10:
  85:Core/Src/usart.c ****   }
 148              		.loc 1 85 5 is_stmt 1 view .LVU44
 149 0026 FFF7FEFF 		bl	Error_Handler
 150              	.LVL3:
 151              		.loc 1 91 1 is_stmt 0 view .LVU45
 152 002a FBE7     		b	.L7
 153              	.L12:
 154              		.align	2
 155              	.L11:
 156 002c 00000000 		.word	huart2
 157 0030 00440040 		.word	1073759232
 158              		.cfi_endproc
 159              	.LFE131:
 161              		.section	.text.HAL_UART_MspInit,"ax",%progbits
 162              		.align	1
 163              		.global	HAL_UART_MspInit
 164              		.syntax unified
 165              		.thumb
 166              		.thumb_func
 167              		.fpu fpv4-sp-d16
 169              	HAL_UART_MspInit:
 170              	.LVL4:
 171              	.LFB132:
  92:Core/Src/usart.c **** 
  93:Core/Src/usart.c **** void HAL_UART_MspInit(UART_HandleTypeDef* uartHandle)
  94:Core/Src/usart.c **** {
 172              		.loc 1 94 1 is_stmt 1 view -0
 173              		.cfi_startproc
 174              		@ args = 0, pretend = 0, frame = 40
 175              		@ frame_needed = 0, uses_anonymous_args = 0
 176              		.loc 1 94 1 is_stmt 0 view .LVU47
 177 0000 30B5     		push	{r4, r5, lr}
 178              	.LCFI2:
 179              		.cfi_def_cfa_offset 12
 180              		.cfi_offset 4, -12
 181              		.cfi_offset 5, -8
 182              		.cfi_offset 14, -4
 183 0002 8BB0     		sub	sp, sp, #44
 184              	.LCFI3:
 185              		.cfi_def_cfa_offset 56
 186 0004 0446     		mov	r4, r0
  95:Core/Src/usart.c **** 
  96:Core/Src/usart.c ****   GPIO_InitTypeDef GPIO_InitStruct = {0};
 187              		.loc 1 96 3 is_stmt 1 view .LVU48
 188              		.loc 1 96 20 is_stmt 0 view .LVU49
 189 0006 0023     		movs	r3, #0
 190 0008 0593     		str	r3, [sp, #20]
 191 000a 0693     		str	r3, [sp, #24]
 192 000c 0793     		str	r3, [sp, #28]
ARM GAS  C:\Users\yunze\AppData\Local\Temp\cc6qXP8b.s 			page 6


 193 000e 0893     		str	r3, [sp, #32]
 194 0010 0993     		str	r3, [sp, #36]
  97:Core/Src/usart.c ****   if(uartHandle->Instance==USART1)
 195              		.loc 1 97 3 is_stmt 1 view .LVU50
 196              		.loc 1 97 16 is_stmt 0 view .LVU51
 197 0012 0368     		ldr	r3, [r0]
 198              		.loc 1 97 5 view .LVU52
 199 0014 604A     		ldr	r2, .L27
 200 0016 9342     		cmp	r3, r2
 201 0018 04D0     		beq	.L21
  98:Core/Src/usart.c ****   {
  99:Core/Src/usart.c ****   /* USER CODE BEGIN USART1_MspInit 0 */
 100:Core/Src/usart.c **** 
 101:Core/Src/usart.c ****   /* USER CODE END USART1_MspInit 0 */
 102:Core/Src/usart.c ****     /* USART1 clock enable */
 103:Core/Src/usart.c ****     __HAL_RCC_USART1_CLK_ENABLE();
 104:Core/Src/usart.c **** 
 105:Core/Src/usart.c ****     __HAL_RCC_GPIOA_CLK_ENABLE();
 106:Core/Src/usart.c ****     /**USART1 GPIO Configuration
 107:Core/Src/usart.c ****     PA9     ------> USART1_TX
 108:Core/Src/usart.c ****     PA10     ------> USART1_RX
 109:Core/Src/usart.c ****     */
 110:Core/Src/usart.c ****     GPIO_InitStruct.Pin = GPIO_PIN_9|GPIO_PIN_10;
 111:Core/Src/usart.c ****     GPIO_InitStruct.Mode = GPIO_MODE_AF_PP;
 112:Core/Src/usart.c ****     GPIO_InitStruct.Pull = GPIO_NOPULL;
 113:Core/Src/usart.c ****     GPIO_InitStruct.Speed = GPIO_SPEED_FREQ_VERY_HIGH;
 114:Core/Src/usart.c ****     GPIO_InitStruct.Alternate = GPIO_AF7_USART1;
 115:Core/Src/usart.c ****     HAL_GPIO_Init(GPIOA, &GPIO_InitStruct);
 116:Core/Src/usart.c **** 
 117:Core/Src/usart.c ****     /* USART1 DMA Init */
 118:Core/Src/usart.c ****     /* USART1_RX Init */
 119:Core/Src/usart.c ****     hdma_usart1_rx.Instance = DMA2_Stream2;
 120:Core/Src/usart.c ****     hdma_usart1_rx.Init.Channel = DMA_CHANNEL_4;
 121:Core/Src/usart.c ****     hdma_usart1_rx.Init.Direction = DMA_PERIPH_TO_MEMORY;
 122:Core/Src/usart.c ****     hdma_usart1_rx.Init.PeriphInc = DMA_PINC_DISABLE;
 123:Core/Src/usart.c ****     hdma_usart1_rx.Init.MemInc = DMA_MINC_ENABLE;
 124:Core/Src/usart.c ****     hdma_usart1_rx.Init.PeriphDataAlignment = DMA_PDATAALIGN_BYTE;
 125:Core/Src/usart.c ****     hdma_usart1_rx.Init.MemDataAlignment = DMA_MDATAALIGN_BYTE;
 126:Core/Src/usart.c ****     hdma_usart1_rx.Init.Mode = DMA_NORMAL;
 127:Core/Src/usart.c ****     hdma_usart1_rx.Init.Priority = DMA_PRIORITY_LOW;
 128:Core/Src/usart.c ****     hdma_usart1_rx.Init.FIFOMode = DMA_FIFOMODE_DISABLE;
 129:Core/Src/usart.c ****     if (HAL_DMA_Init(&hdma_usart1_rx) != HAL_OK)
 130:Core/Src/usart.c ****     {
 131:Core/Src/usart.c ****       Error_Handler();
 132:Core/Src/usart.c ****     }
 133:Core/Src/usart.c **** 
 134:Core/Src/usart.c ****     __HAL_LINKDMA(uartHandle,hdmarx,hdma_usart1_rx);
 135:Core/Src/usart.c **** 
 136:Core/Src/usart.c ****     /* USART1_TX Init */
 137:Core/Src/usart.c ****     hdma_usart1_tx.Instance = DMA2_Stream7;
 138:Core/Src/usart.c ****     hdma_usart1_tx.Init.Channel = DMA_CHANNEL_4;
 139:Core/Src/usart.c ****     hdma_usart1_tx.Init.Direction = DMA_MEMORY_TO_PERIPH;
 140:Core/Src/usart.c ****     hdma_usart1_tx.Init.PeriphInc = DMA_PINC_DISABLE;
 141:Core/Src/usart.c ****     hdma_usart1_tx.Init.MemInc = DMA_MINC_ENABLE;
 142:Core/Src/usart.c ****     hdma_usart1_tx.Init.PeriphDataAlignment = DMA_PDATAALIGN_BYTE;
 143:Core/Src/usart.c ****     hdma_usart1_tx.Init.MemDataAlignment = DMA_MDATAALIGN_BYTE;
 144:Core/Src/usart.c ****     hdma_usart1_tx.Init.Mode = DMA_NORMAL;
ARM GAS  C:\Users\yunze\AppData\Local\Temp\cc6qXP8b.s 			page 7


 145:Core/Src/usart.c ****     hdma_usart1_tx.Init.Priority = DMA_PRIORITY_LOW;
 146:Core/Src/usart.c ****     hdma_usart1_tx.Init.FIFOMode = DMA_FIFOMODE_DISABLE;
 147:Core/Src/usart.c ****     if (HAL_DMA_Init(&hdma_usart1_tx) != HAL_OK)
 148:Core/Src/usart.c ****     {
 149:Core/Src/usart.c ****       Error_Handler();
 150:Core/Src/usart.c ****     }
 151:Core/Src/usart.c **** 
 152:Core/Src/usart.c ****     __HAL_LINKDMA(uartHandle,hdmatx,hdma_usart1_tx);
 153:Core/Src/usart.c **** 
 154:Core/Src/usart.c ****     /* USART1 interrupt Init */
 155:Core/Src/usart.c ****     HAL_NVIC_SetPriority(USART1_IRQn, 5, 0);
 156:Core/Src/usart.c ****     HAL_NVIC_EnableIRQ(USART1_IRQn);
 157:Core/Src/usart.c ****   /* USER CODE BEGIN USART1_MspInit 1 */
 158:Core/Src/usart.c **** 
 159:Core/Src/usart.c ****   /* USER CODE END USART1_MspInit 1 */
 160:Core/Src/usart.c ****   }
 161:Core/Src/usart.c ****   else if(uartHandle->Instance==USART2)
 202              		.loc 1 161 8 is_stmt 1 view .LVU53
 203              		.loc 1 161 10 is_stmt 0 view .LVU54
 204 001a 604A     		ldr	r2, .L27+4
 205 001c 9342     		cmp	r3, r2
 206 001e 62D0     		beq	.L22
 207              	.LVL5:
 208              	.L13:
 162:Core/Src/usart.c ****   {
 163:Core/Src/usart.c ****   /* USER CODE BEGIN USART2_MspInit 0 */
 164:Core/Src/usart.c **** 
 165:Core/Src/usart.c ****   /* USER CODE END USART2_MspInit 0 */
 166:Core/Src/usart.c ****     /* USART2 clock enable */
 167:Core/Src/usart.c ****     __HAL_RCC_USART2_CLK_ENABLE();
 168:Core/Src/usart.c **** 
 169:Core/Src/usart.c ****     __HAL_RCC_GPIOA_CLK_ENABLE();
 170:Core/Src/usart.c ****     /**USART2 GPIO Configuration
 171:Core/Src/usart.c ****     PA2     ------> USART2_TX
 172:Core/Src/usart.c ****     PA3     ------> USART2_RX
 173:Core/Src/usart.c ****     */
 174:Core/Src/usart.c ****     GPIO_InitStruct.Pin = GPIO_PIN_2|GPIO_PIN_3;
 175:Core/Src/usart.c ****     GPIO_InitStruct.Mode = GPIO_MODE_AF_PP;
 176:Core/Src/usart.c ****     GPIO_InitStruct.Pull = GPIO_NOPULL;
 177:Core/Src/usart.c ****     GPIO_InitStruct.Speed = GPIO_SPEED_FREQ_VERY_HIGH;
 178:Core/Src/usart.c ****     GPIO_InitStruct.Alternate = GPIO_AF7_USART2;
 179:Core/Src/usart.c ****     HAL_GPIO_Init(GPIOA, &GPIO_InitStruct);
 180:Core/Src/usart.c **** 
 181:Core/Src/usart.c ****     /* USART2 DMA Init */
 182:Core/Src/usart.c ****     /* USART2_RX Init */
 183:Core/Src/usart.c ****     hdma_usart2_rx.Instance = DMA1_Stream5;
 184:Core/Src/usart.c ****     hdma_usart2_rx.Init.Channel = DMA_CHANNEL_4;
 185:Core/Src/usart.c ****     hdma_usart2_rx.Init.Direction = DMA_PERIPH_TO_MEMORY;
 186:Core/Src/usart.c ****     hdma_usart2_rx.Init.PeriphInc = DMA_PINC_DISABLE;
 187:Core/Src/usart.c ****     hdma_usart2_rx.Init.MemInc = DMA_MINC_ENABLE;
 188:Core/Src/usart.c ****     hdma_usart2_rx.Init.PeriphDataAlignment = DMA_PDATAALIGN_BYTE;
 189:Core/Src/usart.c ****     hdma_usart2_rx.Init.MemDataAlignment = DMA_MDATAALIGN_BYTE;
 190:Core/Src/usart.c ****     hdma_usart2_rx.Init.Mode = DMA_NORMAL;
 191:Core/Src/usart.c ****     hdma_usart2_rx.Init.Priority = DMA_PRIORITY_LOW;
 192:Core/Src/usart.c ****     hdma_usart2_rx.Init.FIFOMode = DMA_FIFOMODE_DISABLE;
 193:Core/Src/usart.c ****     if (HAL_DMA_Init(&hdma_usart2_rx) != HAL_OK)
 194:Core/Src/usart.c ****     {
ARM GAS  C:\Users\yunze\AppData\Local\Temp\cc6qXP8b.s 			page 8


 195:Core/Src/usart.c ****       Error_Handler();
 196:Core/Src/usart.c ****     }
 197:Core/Src/usart.c **** 
 198:Core/Src/usart.c ****     __HAL_LINKDMA(uartHandle,hdmarx,hdma_usart2_rx);
 199:Core/Src/usart.c **** 
 200:Core/Src/usart.c ****     /* USART2_TX Init */
 201:Core/Src/usart.c ****     hdma_usart2_tx.Instance = DMA1_Stream6;
 202:Core/Src/usart.c ****     hdma_usart2_tx.Init.Channel = DMA_CHANNEL_4;
 203:Core/Src/usart.c ****     hdma_usart2_tx.Init.Direction = DMA_MEMORY_TO_PERIPH;
 204:Core/Src/usart.c ****     hdma_usart2_tx.Init.PeriphInc = DMA_PINC_DISABLE;
 205:Core/Src/usart.c ****     hdma_usart2_tx.Init.MemInc = DMA_MINC_ENABLE;
 206:Core/Src/usart.c ****     hdma_usart2_tx.Init.PeriphDataAlignment = DMA_PDATAALIGN_BYTE;
 207:Core/Src/usart.c ****     hdma_usart2_tx.Init.MemDataAlignment = DMA_MDATAALIGN_BYTE;
 208:Core/Src/usart.c ****     hdma_usart2_tx.Init.Mode = DMA_NORMAL;
 209:Core/Src/usart.c ****     hdma_usart2_tx.Init.Priority = DMA_PRIORITY_LOW;
 210:Core/Src/usart.c ****     hdma_usart2_tx.Init.FIFOMode = DMA_FIFOMODE_DISABLE;
 211:Core/Src/usart.c ****     if (HAL_DMA_Init(&hdma_usart2_tx) != HAL_OK)
 212:Core/Src/usart.c ****     {
 213:Core/Src/usart.c ****       Error_Handler();
 214:Core/Src/usart.c ****     }
 215:Core/Src/usart.c **** 
 216:Core/Src/usart.c ****     __HAL_LINKDMA(uartHandle,hdmatx,hdma_usart2_tx);
 217:Core/Src/usart.c **** 
 218:Core/Src/usart.c ****   /* USER CODE BEGIN USART2_MspInit 1 */
 219:Core/Src/usart.c **** 
 220:Core/Src/usart.c ****   /* USER CODE END USART2_MspInit 1 */
 221:Core/Src/usart.c ****   }
 222:Core/Src/usart.c **** }
 209              		.loc 1 222 1 view .LVU55
 210 0020 0BB0     		add	sp, sp, #44
 211              	.LCFI4:
 212              		.cfi_remember_state
 213              		.cfi_def_cfa_offset 12
 214              		@ sp needed
 215 0022 30BD     		pop	{r4, r5, pc}
 216              	.LVL6:
 217              	.L21:
 218              	.LCFI5:
 219              		.cfi_restore_state
 103:Core/Src/usart.c **** 
 220              		.loc 1 103 5 is_stmt 1 view .LVU56
 221              	.LBB2:
 103:Core/Src/usart.c **** 
 222              		.loc 1 103 5 view .LVU57
 223 0024 0025     		movs	r5, #0
 224 0026 0195     		str	r5, [sp, #4]
 103:Core/Src/usart.c **** 
 225              		.loc 1 103 5 view .LVU58
 226 0028 5D4B     		ldr	r3, .L27+8
 227 002a 5A6C     		ldr	r2, [r3, #68]
 228 002c 42F01002 		orr	r2, r2, #16
 229 0030 5A64     		str	r2, [r3, #68]
 103:Core/Src/usart.c **** 
 230              		.loc 1 103 5 view .LVU59
 231 0032 5A6C     		ldr	r2, [r3, #68]
 232 0034 02F01002 		and	r2, r2, #16
 233 0038 0192     		str	r2, [sp, #4]
ARM GAS  C:\Users\yunze\AppData\Local\Temp\cc6qXP8b.s 			page 9


 103:Core/Src/usart.c **** 
 234              		.loc 1 103 5 view .LVU60
 235 003a 019A     		ldr	r2, [sp, #4]
 236              	.LBE2:
 103:Core/Src/usart.c **** 
 237              		.loc 1 103 5 view .LVU61
 105:Core/Src/usart.c ****     /**USART1 GPIO Configuration
 238              		.loc 1 105 5 view .LVU62
 239              	.LBB3:
 105:Core/Src/usart.c ****     /**USART1 GPIO Configuration
 240              		.loc 1 105 5 view .LVU63
 241 003c 0295     		str	r5, [sp, #8]
 105:Core/Src/usart.c ****     /**USART1 GPIO Configuration
 242              		.loc 1 105 5 view .LVU64
 243 003e 1A6B     		ldr	r2, [r3, #48]
 244 0040 42F00102 		orr	r2, r2, #1
 245 0044 1A63     		str	r2, [r3, #48]
 105:Core/Src/usart.c ****     /**USART1 GPIO Configuration
 246              		.loc 1 105 5 view .LVU65
 247 0046 1B6B     		ldr	r3, [r3, #48]
 248 0048 03F00103 		and	r3, r3, #1
 249 004c 0293     		str	r3, [sp, #8]
 105:Core/Src/usart.c ****     /**USART1 GPIO Configuration
 250              		.loc 1 105 5 view .LVU66
 251 004e 029B     		ldr	r3, [sp, #8]
 252              	.LBE3:
 105:Core/Src/usart.c ****     /**USART1 GPIO Configuration
 253              		.loc 1 105 5 view .LVU67
 110:Core/Src/usart.c ****     GPIO_InitStruct.Mode = GPIO_MODE_AF_PP;
 254              		.loc 1 110 5 view .LVU68
 110:Core/Src/usart.c ****     GPIO_InitStruct.Mode = GPIO_MODE_AF_PP;
 255              		.loc 1 110 25 is_stmt 0 view .LVU69
 256 0050 4FF4C063 		mov	r3, #1536
 257 0054 0593     		str	r3, [sp, #20]
 111:Core/Src/usart.c ****     GPIO_InitStruct.Pull = GPIO_NOPULL;
 258              		.loc 1 111 5 is_stmt 1 view .LVU70
 111:Core/Src/usart.c ****     GPIO_InitStruct.Pull = GPIO_NOPULL;
 259              		.loc 1 111 26 is_stmt 0 view .LVU71
 260 0056 0223     		movs	r3, #2
 261 0058 0693     		str	r3, [sp, #24]
 112:Core/Src/usart.c ****     GPIO_InitStruct.Speed = GPIO_SPEED_FREQ_VERY_HIGH;
 262              		.loc 1 112 5 is_stmt 1 view .LVU72
 112:Core/Src/usart.c ****     GPIO_InitStruct.Speed = GPIO_SPEED_FREQ_VERY_HIGH;
 263              		.loc 1 112 26 is_stmt 0 view .LVU73
 264 005a 0795     		str	r5, [sp, #28]
 113:Core/Src/usart.c ****     GPIO_InitStruct.Alternate = GPIO_AF7_USART1;
 265              		.loc 1 113 5 is_stmt 1 view .LVU74
 113:Core/Src/usart.c ****     GPIO_InitStruct.Alternate = GPIO_AF7_USART1;
 266              		.loc 1 113 27 is_stmt 0 view .LVU75
 267 005c 0323     		movs	r3, #3
 268 005e 0893     		str	r3, [sp, #32]
 114:Core/Src/usart.c ****     HAL_GPIO_Init(GPIOA, &GPIO_InitStruct);
 269              		.loc 1 114 5 is_stmt 1 view .LVU76
 114:Core/Src/usart.c ****     HAL_GPIO_Init(GPIOA, &GPIO_InitStruct);
 270              		.loc 1 114 31 is_stmt 0 view .LVU77
 271 0060 0723     		movs	r3, #7
 272 0062 0993     		str	r3, [sp, #36]
ARM GAS  C:\Users\yunze\AppData\Local\Temp\cc6qXP8b.s 			page 10


 115:Core/Src/usart.c **** 
 273              		.loc 1 115 5 is_stmt 1 view .LVU78
 274 0064 05A9     		add	r1, sp, #20
 275 0066 4F48     		ldr	r0, .L27+12
 276              	.LVL7:
 115:Core/Src/usart.c **** 
 277              		.loc 1 115 5 is_stmt 0 view .LVU79
 278 0068 FFF7FEFF 		bl	HAL_GPIO_Init
 279              	.LVL8:
 119:Core/Src/usart.c ****     hdma_usart1_rx.Init.Channel = DMA_CHANNEL_4;
 280              		.loc 1 119 5 is_stmt 1 view .LVU80
 119:Core/Src/usart.c ****     hdma_usart1_rx.Init.Channel = DMA_CHANNEL_4;
 281              		.loc 1 119 29 is_stmt 0 view .LVU81
 282 006c 4E48     		ldr	r0, .L27+16
 283 006e 4F4B     		ldr	r3, .L27+20
 284 0070 0360     		str	r3, [r0]
 120:Core/Src/usart.c ****     hdma_usart1_rx.Init.Direction = DMA_PERIPH_TO_MEMORY;
 285              		.loc 1 120 5 is_stmt 1 view .LVU82
 120:Core/Src/usart.c ****     hdma_usart1_rx.Init.Direction = DMA_PERIPH_TO_MEMORY;
 286              		.loc 1 120 33 is_stmt 0 view .LVU83
 287 0072 4FF00063 		mov	r3, #134217728
 288 0076 4360     		str	r3, [r0, #4]
 121:Core/Src/usart.c ****     hdma_usart1_rx.Init.PeriphInc = DMA_PINC_DISABLE;
 289              		.loc 1 121 5 is_stmt 1 view .LVU84
 121:Core/Src/usart.c ****     hdma_usart1_rx.Init.PeriphInc = DMA_PINC_DISABLE;
 290              		.loc 1 121 35 is_stmt 0 view .LVU85
 291 0078 8560     		str	r5, [r0, #8]
 122:Core/Src/usart.c ****     hdma_usart1_rx.Init.MemInc = DMA_MINC_ENABLE;
 292              		.loc 1 122 5 is_stmt 1 view .LVU86
 122:Core/Src/usart.c ****     hdma_usart1_rx.Init.MemInc = DMA_MINC_ENABLE;
 293              		.loc 1 122 35 is_stmt 0 view .LVU87
 294 007a C560     		str	r5, [r0, #12]
 123:Core/Src/usart.c ****     hdma_usart1_rx.Init.PeriphDataAlignment = DMA_PDATAALIGN_BYTE;
 295              		.loc 1 123 5 is_stmt 1 view .LVU88
 123:Core/Src/usart.c ****     hdma_usart1_rx.Init.PeriphDataAlignment = DMA_PDATAALIGN_BYTE;
 296              		.loc 1 123 32 is_stmt 0 view .LVU89
 297 007c 4FF48063 		mov	r3, #1024
 298 0080 0361     		str	r3, [r0, #16]
 124:Core/Src/usart.c ****     hdma_usart1_rx.Init.MemDataAlignment = DMA_MDATAALIGN_BYTE;
 299              		.loc 1 124 5 is_stmt 1 view .LVU90
 124:Core/Src/usart.c ****     hdma_usart1_rx.Init.MemDataAlignment = DMA_MDATAALIGN_BYTE;
 300              		.loc 1 124 45 is_stmt 0 view .LVU91
 301 0082 4561     		str	r5, [r0, #20]
 125:Core/Src/usart.c ****     hdma_usart1_rx.Init.Mode = DMA_NORMAL;
 302              		.loc 1 125 5 is_stmt 1 view .LVU92
 125:Core/Src/usart.c ****     hdma_usart1_rx.Init.Mode = DMA_NORMAL;
 303              		.loc 1 125 42 is_stmt 0 view .LVU93
 304 0084 8561     		str	r5, [r0, #24]
 126:Core/Src/usart.c ****     hdma_usart1_rx.Init.Priority = DMA_PRIORITY_LOW;
 305              		.loc 1 126 5 is_stmt 1 view .LVU94
 126:Core/Src/usart.c ****     hdma_usart1_rx.Init.Priority = DMA_PRIORITY_LOW;
 306              		.loc 1 126 30 is_stmt 0 view .LVU95
 307 0086 C561     		str	r5, [r0, #28]
 127:Core/Src/usart.c ****     hdma_usart1_rx.Init.FIFOMode = DMA_FIFOMODE_DISABLE;
 308              		.loc 1 127 5 is_stmt 1 view .LVU96
 127:Core/Src/usart.c ****     hdma_usart1_rx.Init.FIFOMode = DMA_FIFOMODE_DISABLE;
 309              		.loc 1 127 34 is_stmt 0 view .LVU97
ARM GAS  C:\Users\yunze\AppData\Local\Temp\cc6qXP8b.s 			page 11


 310 0088 0562     		str	r5, [r0, #32]
 128:Core/Src/usart.c ****     if (HAL_DMA_Init(&hdma_usart1_rx) != HAL_OK)
 311              		.loc 1 128 5 is_stmt 1 view .LVU98
 128:Core/Src/usart.c ****     if (HAL_DMA_Init(&hdma_usart1_rx) != HAL_OK)
 312              		.loc 1 128 34 is_stmt 0 view .LVU99
 313 008a 4562     		str	r5, [r0, #36]
 129:Core/Src/usart.c ****     {
 314              		.loc 1 129 5 is_stmt 1 view .LVU100
 129:Core/Src/usart.c ****     {
 315              		.loc 1 129 9 is_stmt 0 view .LVU101
 316 008c FFF7FEFF 		bl	HAL_DMA_Init
 317              	.LVL9:
 129:Core/Src/usart.c ****     {
 318              		.loc 1 129 8 view .LVU102
 319 0090 18BB     		cbnz	r0, .L23
 320              	.L15:
 134:Core/Src/usart.c **** 
 321              		.loc 1 134 5 is_stmt 1 view .LVU103
 134:Core/Src/usart.c **** 
 322              		.loc 1 134 5 view .LVU104
 323 0092 454B     		ldr	r3, .L27+16
 324 0094 A363     		str	r3, [r4, #56]
 134:Core/Src/usart.c **** 
 325              		.loc 1 134 5 view .LVU105
 326 0096 9C63     		str	r4, [r3, #56]
 134:Core/Src/usart.c **** 
 327              		.loc 1 134 5 view .LVU106
 137:Core/Src/usart.c ****     hdma_usart1_tx.Init.Channel = DMA_CHANNEL_4;
 328              		.loc 1 137 5 view .LVU107
 137:Core/Src/usart.c ****     hdma_usart1_tx.Init.Channel = DMA_CHANNEL_4;
 329              		.loc 1 137 29 is_stmt 0 view .LVU108
 330 0098 4548     		ldr	r0, .L27+24
 331 009a 464B     		ldr	r3, .L27+28
 332 009c 0360     		str	r3, [r0]
 138:Core/Src/usart.c ****     hdma_usart1_tx.Init.Direction = DMA_MEMORY_TO_PERIPH;
 333              		.loc 1 138 5 is_stmt 1 view .LVU109
 138:Core/Src/usart.c ****     hdma_usart1_tx.Init.Direction = DMA_MEMORY_TO_PERIPH;
 334              		.loc 1 138 33 is_stmt 0 view .LVU110
 335 009e 4FF00063 		mov	r3, #134217728
 336 00a2 4360     		str	r3, [r0, #4]
 139:Core/Src/usart.c ****     hdma_usart1_tx.Init.PeriphInc = DMA_PINC_DISABLE;
 337              		.loc 1 139 5 is_stmt 1 view .LVU111
 139:Core/Src/usart.c ****     hdma_usart1_tx.Init.PeriphInc = DMA_PINC_DISABLE;
 338              		.loc 1 139 35 is_stmt 0 view .LVU112
 339 00a4 4023     		movs	r3, #64
 340 00a6 8360     		str	r3, [r0, #8]
 140:Core/Src/usart.c ****     hdma_usart1_tx.Init.MemInc = DMA_MINC_ENABLE;
 341              		.loc 1 140 5 is_stmt 1 view .LVU113
 140:Core/Src/usart.c ****     hdma_usart1_tx.Init.MemInc = DMA_MINC_ENABLE;
 342              		.loc 1 140 35 is_stmt 0 view .LVU114
 343 00a8 0023     		movs	r3, #0
 344 00aa C360     		str	r3, [r0, #12]
 141:Core/Src/usart.c ****     hdma_usart1_tx.Init.PeriphDataAlignment = DMA_PDATAALIGN_BYTE;
 345              		.loc 1 141 5 is_stmt 1 view .LVU115
 141:Core/Src/usart.c ****     hdma_usart1_tx.Init.PeriphDataAlignment = DMA_PDATAALIGN_BYTE;
 346              		.loc 1 141 32 is_stmt 0 view .LVU116
 347 00ac 4FF48062 		mov	r2, #1024
ARM GAS  C:\Users\yunze\AppData\Local\Temp\cc6qXP8b.s 			page 12


 348 00b0 0261     		str	r2, [r0, #16]
 142:Core/Src/usart.c ****     hdma_usart1_tx.Init.MemDataAlignment = DMA_MDATAALIGN_BYTE;
 349              		.loc 1 142 5 is_stmt 1 view .LVU117
 142:Core/Src/usart.c ****     hdma_usart1_tx.Init.MemDataAlignment = DMA_MDATAALIGN_BYTE;
 350              		.loc 1 142 45 is_stmt 0 view .LVU118
 351 00b2 4361     		str	r3, [r0, #20]
 143:Core/Src/usart.c ****     hdma_usart1_tx.Init.Mode = DMA_NORMAL;
 352              		.loc 1 143 5 is_stmt 1 view .LVU119
 143:Core/Src/usart.c ****     hdma_usart1_tx.Init.Mode = DMA_NORMAL;
 353              		.loc 1 143 42 is_stmt 0 view .LVU120
 354 00b4 8361     		str	r3, [r0, #24]
 144:Core/Src/usart.c ****     hdma_usart1_tx.Init.Priority = DMA_PRIORITY_LOW;
 355              		.loc 1 144 5 is_stmt 1 view .LVU121
 144:Core/Src/usart.c ****     hdma_usart1_tx.Init.Priority = DMA_PRIORITY_LOW;
 356              		.loc 1 144 30 is_stmt 0 view .LVU122
 357 00b6 C361     		str	r3, [r0, #28]
 145:Core/Src/usart.c ****     hdma_usart1_tx.Init.FIFOMode = DMA_FIFOMODE_DISABLE;
 358              		.loc 1 145 5 is_stmt 1 view .LVU123
 145:Core/Src/usart.c ****     hdma_usart1_tx.Init.FIFOMode = DMA_FIFOMODE_DISABLE;
 359              		.loc 1 145 34 is_stmt 0 view .LVU124
 360 00b8 0362     		str	r3, [r0, #32]
 146:Core/Src/usart.c ****     if (HAL_DMA_Init(&hdma_usart1_tx) != HAL_OK)
 361              		.loc 1 146 5 is_stmt 1 view .LVU125
 146:Core/Src/usart.c ****     if (HAL_DMA_Init(&hdma_usart1_tx) != HAL_OK)
 362              		.loc 1 146 34 is_stmt 0 view .LVU126
 363 00ba 4362     		str	r3, [r0, #36]
 147:Core/Src/usart.c ****     {
 364              		.loc 1 147 5 is_stmt 1 view .LVU127
 147:Core/Src/usart.c ****     {
 365              		.loc 1 147 9 is_stmt 0 view .LVU128
 366 00bc FFF7FEFF 		bl	HAL_DMA_Init
 367              	.LVL10:
 147:Core/Src/usart.c ****     {
 368              		.loc 1 147 8 view .LVU129
 369 00c0 70B9     		cbnz	r0, .L24
 370              	.L16:
 152:Core/Src/usart.c **** 
 371              		.loc 1 152 5 is_stmt 1 view .LVU130
 152:Core/Src/usart.c **** 
 372              		.loc 1 152 5 view .LVU131
 373 00c2 3B4B     		ldr	r3, .L27+24
 374 00c4 6363     		str	r3, [r4, #52]
 152:Core/Src/usart.c **** 
 375              		.loc 1 152 5 view .LVU132
 376 00c6 9C63     		str	r4, [r3, #56]
 152:Core/Src/usart.c **** 
 377              		.loc 1 152 5 view .LVU133
 155:Core/Src/usart.c ****     HAL_NVIC_EnableIRQ(USART1_IRQn);
 378              		.loc 1 155 5 view .LVU134
 379 00c8 0022     		movs	r2, #0
 380 00ca 0521     		movs	r1, #5
 381 00cc 2520     		movs	r0, #37
 382 00ce FFF7FEFF 		bl	HAL_NVIC_SetPriority
 383              	.LVL11:
 156:Core/Src/usart.c ****   /* USER CODE BEGIN USART1_MspInit 1 */
 384              		.loc 1 156 5 view .LVU135
 385 00d2 2520     		movs	r0, #37
ARM GAS  C:\Users\yunze\AppData\Local\Temp\cc6qXP8b.s 			page 13


 386 00d4 FFF7FEFF 		bl	HAL_NVIC_EnableIRQ
 387              	.LVL12:
 388 00d8 A2E7     		b	.L13
 389              	.L23:
 131:Core/Src/usart.c ****     }
 390              		.loc 1 131 7 view .LVU136
 391 00da FFF7FEFF 		bl	Error_Handler
 392              	.LVL13:
 393 00de D8E7     		b	.L15
 394              	.L24:
 149:Core/Src/usart.c ****     }
 395              		.loc 1 149 7 view .LVU137
 396 00e0 FFF7FEFF 		bl	Error_Handler
 397              	.LVL14:
 398 00e4 EDE7     		b	.L16
 399              	.LVL15:
 400              	.L22:
 167:Core/Src/usart.c **** 
 401              		.loc 1 167 5 view .LVU138
 402              	.LBB4:
 167:Core/Src/usart.c **** 
 403              		.loc 1 167 5 view .LVU139
 404 00e6 0025     		movs	r5, #0
 405 00e8 0395     		str	r5, [sp, #12]
 167:Core/Src/usart.c **** 
 406              		.loc 1 167 5 view .LVU140
 407 00ea 2D4B     		ldr	r3, .L27+8
 408 00ec 1A6C     		ldr	r2, [r3, #64]
 409 00ee 42F40032 		orr	r2, r2, #131072
 410 00f2 1A64     		str	r2, [r3, #64]
 167:Core/Src/usart.c **** 
 411              		.loc 1 167 5 view .LVU141
 412 00f4 1A6C     		ldr	r2, [r3, #64]
 413 00f6 02F40032 		and	r2, r2, #131072
 414 00fa 0392     		str	r2, [sp, #12]
 167:Core/Src/usart.c **** 
 415              		.loc 1 167 5 view .LVU142
 416 00fc 039A     		ldr	r2, [sp, #12]
 417              	.LBE4:
 167:Core/Src/usart.c **** 
 418              		.loc 1 167 5 view .LVU143
 169:Core/Src/usart.c ****     /**USART2 GPIO Configuration
 419              		.loc 1 169 5 view .LVU144
 420              	.LBB5:
 169:Core/Src/usart.c ****     /**USART2 GPIO Configuration
 421              		.loc 1 169 5 view .LVU145
 422 00fe 0495     		str	r5, [sp, #16]
 169:Core/Src/usart.c ****     /**USART2 GPIO Configuration
 423              		.loc 1 169 5 view .LVU146
 424 0100 1A6B     		ldr	r2, [r3, #48]
 425 0102 42F00102 		orr	r2, r2, #1
 426 0106 1A63     		str	r2, [r3, #48]
 169:Core/Src/usart.c ****     /**USART2 GPIO Configuration
 427              		.loc 1 169 5 view .LVU147
 428 0108 1B6B     		ldr	r3, [r3, #48]
 429 010a 03F00103 		and	r3, r3, #1
 430 010e 0493     		str	r3, [sp, #16]
ARM GAS  C:\Users\yunze\AppData\Local\Temp\cc6qXP8b.s 			page 14


 169:Core/Src/usart.c ****     /**USART2 GPIO Configuration
 431              		.loc 1 169 5 view .LVU148
 432 0110 049B     		ldr	r3, [sp, #16]
 433              	.LBE5:
 169:Core/Src/usart.c ****     /**USART2 GPIO Configuration
 434              		.loc 1 169 5 view .LVU149
 174:Core/Src/usart.c ****     GPIO_InitStruct.Mode = GPIO_MODE_AF_PP;
 435              		.loc 1 174 5 view .LVU150
 174:Core/Src/usart.c ****     GPIO_InitStruct.Mode = GPIO_MODE_AF_PP;
 436              		.loc 1 174 25 is_stmt 0 view .LVU151
 437 0112 0C23     		movs	r3, #12
 438 0114 0593     		str	r3, [sp, #20]
 175:Core/Src/usart.c ****     GPIO_InitStruct.Pull = GPIO_NOPULL;
 439              		.loc 1 175 5 is_stmt 1 view .LVU152
 175:Core/Src/usart.c ****     GPIO_InitStruct.Pull = GPIO_NOPULL;
 440              		.loc 1 175 26 is_stmt 0 view .LVU153
 441 0116 0223     		movs	r3, #2
 442 0118 0693     		str	r3, [sp, #24]
 176:Core/Src/usart.c ****     GPIO_InitStruct.Speed = GPIO_SPEED_FREQ_VERY_HIGH;
 443              		.loc 1 176 5 is_stmt 1 view .LVU154
 176:Core/Src/usart.c ****     GPIO_InitStruct.Speed = GPIO_SPEED_FREQ_VERY_HIGH;
 444              		.loc 1 176 26 is_stmt 0 view .LVU155
 445 011a 0795     		str	r5, [sp, #28]
 177:Core/Src/usart.c ****     GPIO_InitStruct.Alternate = GPIO_AF7_USART2;
 446              		.loc 1 177 5 is_stmt 1 view .LVU156
 177:Core/Src/usart.c ****     GPIO_InitStruct.Alternate = GPIO_AF7_USART2;
 447              		.loc 1 177 27 is_stmt 0 view .LVU157
 448 011c 0323     		movs	r3, #3
 449 011e 0893     		str	r3, [sp, #32]
 178:Core/Src/usart.c ****     HAL_GPIO_Init(GPIOA, &GPIO_InitStruct);
 450              		.loc 1 178 5 is_stmt 1 view .LVU158
 178:Core/Src/usart.c ****     HAL_GPIO_Init(GPIOA, &GPIO_InitStruct);
 451              		.loc 1 178 31 is_stmt 0 view .LVU159
 452 0120 0723     		movs	r3, #7
 453 0122 0993     		str	r3, [sp, #36]
 179:Core/Src/usart.c **** 
 454              		.loc 1 179 5 is_stmt 1 view .LVU160
 455 0124 05A9     		add	r1, sp, #20
 456 0126 1F48     		ldr	r0, .L27+12
 457              	.LVL16:
 179:Core/Src/usart.c **** 
 458              		.loc 1 179 5 is_stmt 0 view .LVU161
 459 0128 FFF7FEFF 		bl	HAL_GPIO_Init
 460              	.LVL17:
 183:Core/Src/usart.c ****     hdma_usart2_rx.Init.Channel = DMA_CHANNEL_4;
 461              		.loc 1 183 5 is_stmt 1 view .LVU162
 183:Core/Src/usart.c ****     hdma_usart2_rx.Init.Channel = DMA_CHANNEL_4;
 462              		.loc 1 183 29 is_stmt 0 view .LVU163
 463 012c 2248     		ldr	r0, .L27+32
 464 012e 234B     		ldr	r3, .L27+36
 465 0130 0360     		str	r3, [r0]
 184:Core/Src/usart.c ****     hdma_usart2_rx.Init.Direction = DMA_PERIPH_TO_MEMORY;
 466              		.loc 1 184 5 is_stmt 1 view .LVU164
 184:Core/Src/usart.c ****     hdma_usart2_rx.Init.Direction = DMA_PERIPH_TO_MEMORY;
 467              		.loc 1 184 33 is_stmt 0 view .LVU165
 468 0132 4FF00063 		mov	r3, #134217728
 469 0136 4360     		str	r3, [r0, #4]
ARM GAS  C:\Users\yunze\AppData\Local\Temp\cc6qXP8b.s 			page 15


 185:Core/Src/usart.c ****     hdma_usart2_rx.Init.PeriphInc = DMA_PINC_DISABLE;
 470              		.loc 1 185 5 is_stmt 1 view .LVU166
 185:Core/Src/usart.c ****     hdma_usart2_rx.Init.PeriphInc = DMA_PINC_DISABLE;
 471              		.loc 1 185 35 is_stmt 0 view .LVU167
 472 0138 8560     		str	r5, [r0, #8]
 186:Core/Src/usart.c ****     hdma_usart2_rx.Init.MemInc = DMA_MINC_ENABLE;
 473              		.loc 1 186 5 is_stmt 1 view .LVU168
 186:Core/Src/usart.c ****     hdma_usart2_rx.Init.MemInc = DMA_MINC_ENABLE;
 474              		.loc 1 186 35 is_stmt 0 view .LVU169
 475 013a C560     		str	r5, [r0, #12]
 187:Core/Src/usart.c ****     hdma_usart2_rx.Init.PeriphDataAlignment = DMA_PDATAALIGN_BYTE;
 476              		.loc 1 187 5 is_stmt 1 view .LVU170
 187:Core/Src/usart.c ****     hdma_usart2_rx.Init.PeriphDataAlignment = DMA_PDATAALIGN_BYTE;
 477              		.loc 1 187 32 is_stmt 0 view .LVU171
 478 013c 4FF48063 		mov	r3, #1024
 479 0140 0361     		str	r3, [r0, #16]
 188:Core/Src/usart.c ****     hdma_usart2_rx.Init.MemDataAlignment = DMA_MDATAALIGN_BYTE;
 480              		.loc 1 188 5 is_stmt 1 view .LVU172
 188:Core/Src/usart.c ****     hdma_usart2_rx.Init.MemDataAlignment = DMA_MDATAALIGN_BYTE;
 481              		.loc 1 188 45 is_stmt 0 view .LVU173
 482 0142 4561     		str	r5, [r0, #20]
 189:Core/Src/usart.c ****     hdma_usart2_rx.Init.Mode = DMA_NORMAL;
 483              		.loc 1 189 5 is_stmt 1 view .LVU174
 189:Core/Src/usart.c ****     hdma_usart2_rx.Init.Mode = DMA_NORMAL;
 484              		.loc 1 189 42 is_stmt 0 view .LVU175
 485 0144 8561     		str	r5, [r0, #24]
 190:Core/Src/usart.c ****     hdma_usart2_rx.Init.Priority = DMA_PRIORITY_LOW;
 486              		.loc 1 190 5 is_stmt 1 view .LVU176
 190:Core/Src/usart.c ****     hdma_usart2_rx.Init.Priority = DMA_PRIORITY_LOW;
 487              		.loc 1 190 30 is_stmt 0 view .LVU177
 488 0146 C561     		str	r5, [r0, #28]
 191:Core/Src/usart.c ****     hdma_usart2_rx.Init.FIFOMode = DMA_FIFOMODE_DISABLE;
 489              		.loc 1 191 5 is_stmt 1 view .LVU178
 191:Core/Src/usart.c ****     hdma_usart2_rx.Init.FIFOMode = DMA_FIFOMODE_DISABLE;
 490              		.loc 1 191 34 is_stmt 0 view .LVU179
 491 0148 0562     		str	r5, [r0, #32]
 192:Core/Src/usart.c ****     if (HAL_DMA_Init(&hdma_usart2_rx) != HAL_OK)
 492              		.loc 1 192 5 is_stmt 1 view .LVU180
 192:Core/Src/usart.c ****     if (HAL_DMA_Init(&hdma_usart2_rx) != HAL_OK)
 493              		.loc 1 192 34 is_stmt 0 view .LVU181
 494 014a 4562     		str	r5, [r0, #36]
 193:Core/Src/usart.c ****     {
 495              		.loc 1 193 5 is_stmt 1 view .LVU182
 193:Core/Src/usart.c ****     {
 496              		.loc 1 193 9 is_stmt 0 view .LVU183
 497 014c FFF7FEFF 		bl	HAL_DMA_Init
 498              	.LVL18:
 193:Core/Src/usart.c ****     {
 499              		.loc 1 193 8 view .LVU184
 500 0150 D8B9     		cbnz	r0, .L25
 501              	.L18:
 198:Core/Src/usart.c **** 
 502              		.loc 1 198 5 is_stmt 1 view .LVU185
 198:Core/Src/usart.c **** 
 503              		.loc 1 198 5 view .LVU186
 504 0152 194B     		ldr	r3, .L27+32
 505 0154 A363     		str	r3, [r4, #56]
ARM GAS  C:\Users\yunze\AppData\Local\Temp\cc6qXP8b.s 			page 16


 198:Core/Src/usart.c **** 
 506              		.loc 1 198 5 view .LVU187
 507 0156 9C63     		str	r4, [r3, #56]
 198:Core/Src/usart.c **** 
 508              		.loc 1 198 5 view .LVU188
 201:Core/Src/usart.c ****     hdma_usart2_tx.Init.Channel = DMA_CHANNEL_4;
 509              		.loc 1 201 5 view .LVU189
 201:Core/Src/usart.c ****     hdma_usart2_tx.Init.Channel = DMA_CHANNEL_4;
 510              		.loc 1 201 29 is_stmt 0 view .LVU190
 511 0158 1948     		ldr	r0, .L27+40
 512 015a 1A4B     		ldr	r3, .L27+44
 513 015c 0360     		str	r3, [r0]
 202:Core/Src/usart.c ****     hdma_usart2_tx.Init.Direction = DMA_MEMORY_TO_PERIPH;
 514              		.loc 1 202 5 is_stmt 1 view .LVU191
 202:Core/Src/usart.c ****     hdma_usart2_tx.Init.Direction = DMA_MEMORY_TO_PERIPH;
 515              		.loc 1 202 33 is_stmt 0 view .LVU192
 516 015e 4FF00063 		mov	r3, #134217728
 517 0162 4360     		str	r3, [r0, #4]
 203:Core/Src/usart.c ****     hdma_usart2_tx.Init.PeriphInc = DMA_PINC_DISABLE;
 518              		.loc 1 203 5 is_stmt 1 view .LVU193
 203:Core/Src/usart.c ****     hdma_usart2_tx.Init.PeriphInc = DMA_PINC_DISABLE;
 519              		.loc 1 203 35 is_stmt 0 view .LVU194
 520 0164 4023     		movs	r3, #64
 521 0166 8360     		str	r3, [r0, #8]
 204:Core/Src/usart.c ****     hdma_usart2_tx.Init.MemInc = DMA_MINC_ENABLE;
 522              		.loc 1 204 5 is_stmt 1 view .LVU195
 204:Core/Src/usart.c ****     hdma_usart2_tx.Init.MemInc = DMA_MINC_ENABLE;
 523              		.loc 1 204 35 is_stmt 0 view .LVU196
 524 0168 0023     		movs	r3, #0
 525 016a C360     		str	r3, [r0, #12]
 205:Core/Src/usart.c ****     hdma_usart2_tx.Init.PeriphDataAlignment = DMA_PDATAALIGN_BYTE;
 526              		.loc 1 205 5 is_stmt 1 view .LVU197
 205:Core/Src/usart.c ****     hdma_usart2_tx.Init.PeriphDataAlignment = DMA_PDATAALIGN_BYTE;
 527              		.loc 1 205 32 is_stmt 0 view .LVU198
 528 016c 4FF48062 		mov	r2, #1024
 529 0170 0261     		str	r2, [r0, #16]
 206:Core/Src/usart.c ****     hdma_usart2_tx.Init.MemDataAlignment = DMA_MDATAALIGN_BYTE;
 530              		.loc 1 206 5 is_stmt 1 view .LVU199
 206:Core/Src/usart.c ****     hdma_usart2_tx.Init.MemDataAlignment = DMA_MDATAALIGN_BYTE;
 531              		.loc 1 206 45 is_stmt 0 view .LVU200
 532 0172 4361     		str	r3, [r0, #20]
 207:Core/Src/usart.c ****     hdma_usart2_tx.Init.Mode = DMA_NORMAL;
 533              		.loc 1 207 5 is_stmt 1 view .LVU201
 207:Core/Src/usart.c ****     hdma_usart2_tx.Init.Mode = DMA_NORMAL;
 534              		.loc 1 207 42 is_stmt 0 view .LVU202
 535 0174 8361     		str	r3, [r0, #24]
 208:Core/Src/usart.c ****     hdma_usart2_tx.Init.Priority = DMA_PRIORITY_LOW;
 536              		.loc 1 208 5 is_stmt 1 view .LVU203
 208:Core/Src/usart.c ****     hdma_usart2_tx.Init.Priority = DMA_PRIORITY_LOW;
 537              		.loc 1 208 30 is_stmt 0 view .LVU204
 538 0176 C361     		str	r3, [r0, #28]
 209:Core/Src/usart.c ****     hdma_usart2_tx.Init.FIFOMode = DMA_FIFOMODE_DISABLE;
 539              		.loc 1 209 5 is_stmt 1 view .LVU205
 209:Core/Src/usart.c ****     hdma_usart2_tx.Init.FIFOMode = DMA_FIFOMODE_DISABLE;
 540              		.loc 1 209 34 is_stmt 0 view .LVU206
 541 0178 0362     		str	r3, [r0, #32]
 210:Core/Src/usart.c ****     if (HAL_DMA_Init(&hdma_usart2_tx) != HAL_OK)
ARM GAS  C:\Users\yunze\AppData\Local\Temp\cc6qXP8b.s 			page 17


 542              		.loc 1 210 5 is_stmt 1 view .LVU207
 210:Core/Src/usart.c ****     if (HAL_DMA_Init(&hdma_usart2_tx) != HAL_OK)
 543              		.loc 1 210 34 is_stmt 0 view .LVU208
 544 017a 4362     		str	r3, [r0, #36]
 211:Core/Src/usart.c ****     {
 545              		.loc 1 211 5 is_stmt 1 view .LVU209
 211:Core/Src/usart.c ****     {
 546              		.loc 1 211 9 is_stmt 0 view .LVU210
 547 017c FFF7FEFF 		bl	HAL_DMA_Init
 548              	.LVL19:
 211:Core/Src/usart.c ****     {
 549              		.loc 1 211 8 view .LVU211
 550 0180 30B9     		cbnz	r0, .L26
 551              	.L19:
 216:Core/Src/usart.c **** 
 552              		.loc 1 216 5 is_stmt 1 view .LVU212
 216:Core/Src/usart.c **** 
 553              		.loc 1 216 5 view .LVU213
 554 0182 0F4B     		ldr	r3, .L27+40
 555 0184 6363     		str	r3, [r4, #52]
 216:Core/Src/usart.c **** 
 556              		.loc 1 216 5 view .LVU214
 557 0186 9C63     		str	r4, [r3, #56]
 216:Core/Src/usart.c **** 
 558              		.loc 1 216 5 view .LVU215
 559              		.loc 1 222 1 is_stmt 0 view .LVU216
 560 0188 4AE7     		b	.L13
 561              	.L25:
 195:Core/Src/usart.c ****     }
 562              		.loc 1 195 7 is_stmt 1 view .LVU217
 563 018a FFF7FEFF 		bl	Error_Handler
 564              	.LVL20:
 565 018e E0E7     		b	.L18
 566              	.L26:
 213:Core/Src/usart.c ****     }
 567              		.loc 1 213 7 view .LVU218
 568 0190 FFF7FEFF 		bl	Error_Handler
 569              	.LVL21:
 570 0194 F5E7     		b	.L19
 571              	.L28:
 572 0196 00BF     		.align	2
 573              	.L27:
 574 0198 00100140 		.word	1073811456
 575 019c 00440040 		.word	1073759232
 576 01a0 00380240 		.word	1073887232
 577 01a4 00000240 		.word	1073872896
 578 01a8 00000000 		.word	hdma_usart1_rx
 579 01ac 40640240 		.word	1073898560
 580 01b0 00000000 		.word	hdma_usart1_tx
 581 01b4 B8640240 		.word	1073898680
 582 01b8 00000000 		.word	hdma_usart2_rx
 583 01bc 88600240 		.word	1073897608
 584 01c0 00000000 		.word	hdma_usart2_tx
 585 01c4 A0600240 		.word	1073897632
 586              		.cfi_endproc
 587              	.LFE132:
 589              		.section	.text.HAL_UART_MspDeInit,"ax",%progbits
ARM GAS  C:\Users\yunze\AppData\Local\Temp\cc6qXP8b.s 			page 18


 590              		.align	1
 591              		.global	HAL_UART_MspDeInit
 592              		.syntax unified
 593              		.thumb
 594              		.thumb_func
 595              		.fpu fpv4-sp-d16
 597              	HAL_UART_MspDeInit:
 598              	.LVL22:
 599              	.LFB133:
 223:Core/Src/usart.c **** 
 224:Core/Src/usart.c **** void HAL_UART_MspDeInit(UART_HandleTypeDef* uartHandle)
 225:Core/Src/usart.c **** {
 600              		.loc 1 225 1 view -0
 601              		.cfi_startproc
 602              		@ args = 0, pretend = 0, frame = 0
 603              		@ frame_needed = 0, uses_anonymous_args = 0
 604              		.loc 1 225 1 is_stmt 0 view .LVU220
 605 0000 10B5     		push	{r4, lr}
 606              	.LCFI6:
 607              		.cfi_def_cfa_offset 8
 608              		.cfi_offset 4, -8
 609              		.cfi_offset 14, -4
 610 0002 0446     		mov	r4, r0
 226:Core/Src/usart.c **** 
 227:Core/Src/usart.c ****   if(uartHandle->Instance==USART1)
 611              		.loc 1 227 3 is_stmt 1 view .LVU221
 612              		.loc 1 227 16 is_stmt 0 view .LVU222
 613 0004 0368     		ldr	r3, [r0]
 614              		.loc 1 227 5 view .LVU223
 615 0006 164A     		ldr	r2, .L35
 616 0008 9342     		cmp	r3, r2
 617 000a 03D0     		beq	.L33
 228:Core/Src/usart.c ****   {
 229:Core/Src/usart.c ****   /* USER CODE BEGIN USART1_MspDeInit 0 */
 230:Core/Src/usart.c **** 
 231:Core/Src/usart.c ****   /* USER CODE END USART1_MspDeInit 0 */
 232:Core/Src/usart.c ****     /* Peripheral clock disable */
 233:Core/Src/usart.c ****     __HAL_RCC_USART1_CLK_DISABLE();
 234:Core/Src/usart.c **** 
 235:Core/Src/usart.c ****     /**USART1 GPIO Configuration
 236:Core/Src/usart.c ****     PA9     ------> USART1_TX
 237:Core/Src/usart.c ****     PA10     ------> USART1_RX
 238:Core/Src/usart.c ****     */
 239:Core/Src/usart.c ****     HAL_GPIO_DeInit(GPIOA, GPIO_PIN_9|GPIO_PIN_10);
 240:Core/Src/usart.c **** 
 241:Core/Src/usart.c ****     /* USART1 DMA DeInit */
 242:Core/Src/usart.c ****     HAL_DMA_DeInit(uartHandle->hdmarx);
 243:Core/Src/usart.c ****     HAL_DMA_DeInit(uartHandle->hdmatx);
 244:Core/Src/usart.c **** 
 245:Core/Src/usart.c ****     /* USART1 interrupt Deinit */
 246:Core/Src/usart.c ****     HAL_NVIC_DisableIRQ(USART1_IRQn);
 247:Core/Src/usart.c ****   /* USER CODE BEGIN USART1_MspDeInit 1 */
 248:Core/Src/usart.c **** 
 249:Core/Src/usart.c ****   /* USER CODE END USART1_MspDeInit 1 */
 250:Core/Src/usart.c ****   }
 251:Core/Src/usart.c ****   else if(uartHandle->Instance==USART2)
 618              		.loc 1 251 8 is_stmt 1 view .LVU224
ARM GAS  C:\Users\yunze\AppData\Local\Temp\cc6qXP8b.s 			page 19


 619              		.loc 1 251 10 is_stmt 0 view .LVU225
 620 000c 154A     		ldr	r2, .L35+4
 621 000e 9342     		cmp	r3, r2
 622 0010 15D0     		beq	.L34
 623              	.LVL23:
 624              	.L29:
 252:Core/Src/usart.c ****   {
 253:Core/Src/usart.c ****   /* USER CODE BEGIN USART2_MspDeInit 0 */
 254:Core/Src/usart.c **** 
 255:Core/Src/usart.c ****   /* USER CODE END USART2_MspDeInit 0 */
 256:Core/Src/usart.c ****     /* Peripheral clock disable */
 257:Core/Src/usart.c ****     __HAL_RCC_USART2_CLK_DISABLE();
 258:Core/Src/usart.c **** 
 259:Core/Src/usart.c ****     /**USART2 GPIO Configuration
 260:Core/Src/usart.c ****     PA2     ------> USART2_TX
 261:Core/Src/usart.c ****     PA3     ------> USART2_RX
 262:Core/Src/usart.c ****     */
 263:Core/Src/usart.c ****     HAL_GPIO_DeInit(GPIOA, GPIO_PIN_2|GPIO_PIN_3);
 264:Core/Src/usart.c **** 
 265:Core/Src/usart.c ****     /* USART2 DMA DeInit */
 266:Core/Src/usart.c ****     HAL_DMA_DeInit(uartHandle->hdmarx);
 267:Core/Src/usart.c ****     HAL_DMA_DeInit(uartHandle->hdmatx);
 268:Core/Src/usart.c ****   /* USER CODE BEGIN USART2_MspDeInit 1 */
 269:Core/Src/usart.c **** 
 270:Core/Src/usart.c ****   /* USER CODE END USART2_MspDeInit 1 */
 271:Core/Src/usart.c ****   }
 272:Core/Src/usart.c **** }
 625              		.loc 1 272 1 view .LVU226
 626 0012 10BD     		pop	{r4, pc}
 627              	.LVL24:
 628              	.L33:
 233:Core/Src/usart.c **** 
 629              		.loc 1 233 5 is_stmt 1 view .LVU227
 630 0014 02F59432 		add	r2, r2, #75776
 631 0018 536C     		ldr	r3, [r2, #68]
 632 001a 23F01003 		bic	r3, r3, #16
 633 001e 5364     		str	r3, [r2, #68]
 239:Core/Src/usart.c **** 
 634              		.loc 1 239 5 view .LVU228
 635 0020 4FF4C061 		mov	r1, #1536
 636 0024 1048     		ldr	r0, .L35+8
 637              	.LVL25:
 239:Core/Src/usart.c **** 
 638              		.loc 1 239 5 is_stmt 0 view .LVU229
 639 0026 FFF7FEFF 		bl	HAL_GPIO_DeInit
 640              	.LVL26:
 242:Core/Src/usart.c ****     HAL_DMA_DeInit(uartHandle->hdmatx);
 641              		.loc 1 242 5 is_stmt 1 view .LVU230
 642 002a A06B     		ldr	r0, [r4, #56]
 643 002c FFF7FEFF 		bl	HAL_DMA_DeInit
 644              	.LVL27:
 243:Core/Src/usart.c **** 
 645              		.loc 1 243 5 view .LVU231
 646 0030 606B     		ldr	r0, [r4, #52]
 647 0032 FFF7FEFF 		bl	HAL_DMA_DeInit
 648              	.LVL28:
 246:Core/Src/usart.c ****   /* USER CODE BEGIN USART1_MspDeInit 1 */
ARM GAS  C:\Users\yunze\AppData\Local\Temp\cc6qXP8b.s 			page 20


 649              		.loc 1 246 5 view .LVU232
 650 0036 2520     		movs	r0, #37
 651 0038 FFF7FEFF 		bl	HAL_NVIC_DisableIRQ
 652              	.LVL29:
 653 003c E9E7     		b	.L29
 654              	.LVL30:
 655              	.L34:
 257:Core/Src/usart.c **** 
 656              		.loc 1 257 5 view .LVU233
 657 003e 02F5FA32 		add	r2, r2, #128000
 658 0042 136C     		ldr	r3, [r2, #64]
 659 0044 23F40033 		bic	r3, r3, #131072
 660 0048 1364     		str	r3, [r2, #64]
 263:Core/Src/usart.c **** 
 661              		.loc 1 263 5 view .LVU234
 662 004a 0C21     		movs	r1, #12
 663 004c 0648     		ldr	r0, .L35+8
 664              	.LVL31:
 263:Core/Src/usart.c **** 
 665              		.loc 1 263 5 is_stmt 0 view .LVU235
 666 004e FFF7FEFF 		bl	HAL_GPIO_DeInit
 667              	.LVL32:
 266:Core/Src/usart.c ****     HAL_DMA_DeInit(uartHandle->hdmatx);
 668              		.loc 1 266 5 is_stmt 1 view .LVU236
 669 0052 A06B     		ldr	r0, [r4, #56]
 670 0054 FFF7FEFF 		bl	HAL_DMA_DeInit
 671              	.LVL33:
 267:Core/Src/usart.c ****   /* USER CODE BEGIN USART2_MspDeInit 1 */
 672              		.loc 1 267 5 view .LVU237
 673 0058 606B     		ldr	r0, [r4, #52]
 674 005a FFF7FEFF 		bl	HAL_DMA_DeInit
 675              	.LVL34:
 676              		.loc 1 272 1 is_stmt 0 view .LVU238
 677 005e D8E7     		b	.L29
 678              	.L36:
 679              		.align	2
 680              	.L35:
 681 0060 00100140 		.word	1073811456
 682 0064 00440040 		.word	1073759232
 683 0068 00000240 		.word	1073872896
 684              		.cfi_endproc
 685              	.LFE133:
 687              		.comm	hdma_usart2_tx,96,4
 688              		.comm	hdma_usart2_rx,96,4
 689              		.comm	hdma_usart1_tx,96,4
 690              		.comm	hdma_usart1_rx,96,4
 691              		.comm	huart2,68,4
 692              		.comm	huart1,68,4
 693              		.text
 694              	.Letext0:
 695              		.file 2 "d:\\program files\\stmicroelectronics\\stm32cube\\stm32cubemx\\gcc-arm-none-eabi-9-2019-q
 696              		.file 3 "d:\\program files\\stmicroelectronics\\stm32cube\\stm32cubemx\\gcc-arm-none-eabi-9-2019-q
 697              		.file 4 "Drivers/CMSIS/Include/core_cm4.h"
 698              		.file 5 "Drivers/CMSIS/Device/ST/STM32F4xx/Include/system_stm32f4xx.h"
 699              		.file 6 "Drivers/CMSIS/Device/ST/STM32F4xx/Include/stm32f405xx.h"
 700              		.file 7 "Drivers/STM32F4xx_HAL_Driver/Inc/stm32f4xx_hal_def.h"
 701              		.file 8 "Drivers/STM32F4xx_HAL_Driver/Inc/stm32f4xx_hal_gpio.h"
ARM GAS  C:\Users\yunze\AppData\Local\Temp\cc6qXP8b.s 			page 21


 702              		.file 9 "Drivers/STM32F4xx_HAL_Driver/Inc/stm32f4xx_hal_dma.h"
 703              		.file 10 "Drivers/STM32F4xx_HAL_Driver/Inc/stm32f4xx_hal_uart.h"
 704              		.file 11 "Drivers/STM32F4xx_HAL_Driver/Inc/stm32f4xx_hal.h"
 705              		.file 12 "Core/Inc/usart.h"
 706              		.file 13 "Drivers/STM32F4xx_HAL_Driver/Inc/stm32f4xx_hal_cortex.h"
 707              		.file 14 "Core/Inc/main.h"
ARM GAS  C:\Users\yunze\AppData\Local\Temp\cc6qXP8b.s 			page 22


DEFINED SYMBOLS
                            *ABS*:00000000 usart.c
C:\Users\yunze\AppData\Local\Temp\cc6qXP8b.s:18     .text.MX_USART1_UART_Init:00000000 $t
C:\Users\yunze\AppData\Local\Temp\cc6qXP8b.s:26     .text.MX_USART1_UART_Init:00000000 MX_USART1_UART_Init
C:\Users\yunze\AppData\Local\Temp\cc6qXP8b.s:85     .text.MX_USART1_UART_Init:0000002c $d
                            *COM*:00000044 huart1
C:\Users\yunze\AppData\Local\Temp\cc6qXP8b.s:91     .text.MX_USART2_UART_Init:00000000 $t
C:\Users\yunze\AppData\Local\Temp\cc6qXP8b.s:98     .text.MX_USART2_UART_Init:00000000 MX_USART2_UART_Init
C:\Users\yunze\AppData\Local\Temp\cc6qXP8b.s:156    .text.MX_USART2_UART_Init:0000002c $d
                            *COM*:00000044 huart2
C:\Users\yunze\AppData\Local\Temp\cc6qXP8b.s:162    .text.HAL_UART_MspInit:00000000 $t
C:\Users\yunze\AppData\Local\Temp\cc6qXP8b.s:169    .text.HAL_UART_MspInit:00000000 HAL_UART_MspInit
C:\Users\yunze\AppData\Local\Temp\cc6qXP8b.s:574    .text.HAL_UART_MspInit:00000198 $d
                            *COM*:00000060 hdma_usart1_rx
                            *COM*:00000060 hdma_usart1_tx
                            *COM*:00000060 hdma_usart2_rx
                            *COM*:00000060 hdma_usart2_tx
C:\Users\yunze\AppData\Local\Temp\cc6qXP8b.s:590    .text.HAL_UART_MspDeInit:00000000 $t
C:\Users\yunze\AppData\Local\Temp\cc6qXP8b.s:597    .text.HAL_UART_MspDeInit:00000000 HAL_UART_MspDeInit
C:\Users\yunze\AppData\Local\Temp\cc6qXP8b.s:681    .text.HAL_UART_MspDeInit:00000060 $d

UNDEFINED SYMBOLS
HAL_UART_Init
Error_Handler
HAL_GPIO_Init
HAL_DMA_Init
HAL_NVIC_SetPriority
HAL_NVIC_EnableIRQ
HAL_GPIO_DeInit
HAL_DMA_DeInit
HAL_NVIC_DisableIRQ
